   1              	# 1 "../Libraries/CMSIS/CM3/DeviceSupport/ST/STM32F10x/startup/TrueSTUDIO/startup_stm32f10x_md_vl.S
   1              	/**
   0              	
   0              	
   0              	
   2              	  ******************************************************************************
   3              	  * @file      startup_stm32f10x_md_vl.s
   4              	  * @author    MCD Application Team
   5              	  * @version   V3.5.0
   6              	  * @date      11-March-2011
   7              	  * @brief     STM32F10x Medium Density Value Line Devices vector table for Atollic 
   8              	  *            toolchain.
   9              	  *            This module performs:
  10              	  *                - Set the initial SP
  11              	  *                - Set the initial PC == Reset_Handler,
  12              	  *                - Set the vector table entries with the exceptions ISR address
  13              	  *                - Configure the clock system   
  14              	  *                - Branches to main in the C library (which eventually
  15              	  *                  calls main()).
  16              	  *            After Reset the Cortex-M3 processor is in Thread mode,
  17              	  *            priority is Privileged, and the Stack is set to Main.
  18              	  ******************************************************************************
  19              	  * @attention
  20              	  *
  21              	  * THE PRESENT FIRMWARE WHICH IS FOR GUIDANCE ONLY AIMS AT PROVIDING CUSTOMERS
  22              	  * WITH CODING INFORMATION REGARDING THEIR PRODUCTS IN ORDER FOR THEM TO SAVE
  23              	  * TIME. AS A RESULT, STMICROELECTRONICS SHALL NOT BE HELD LIABLE FOR ANY
  24              	  * DIRECT, INDIRECT OR CONSEQUENTIAL DAMAGES WITH RESPECT TO ANY CLAIMS ARISING
  25              	  * FROM THE CONTENT OF SUCH FIRMWARE AND/OR THE USE MADE BY CUSTOMERS OF THE
  26              	  * CODING INFORMATION CONTAINED HEREIN IN CONNECTION WITH THEIR PRODUCTS.
  27              	  *
  28              	  * <h2><center>&copy; COPYRIGHT 2011 STMicroelectronics</center></h2>
  29              	  ******************************************************************************
  30              	  */
  31              	
  32              	  .syntax unified
  33              		.cpu cortex-m3
  34              		.fpu softvfp
  35              		.thumb
  36              	
  37              	.global	g_pfnVectors
  38              	.global	Default_Handler
  39              	
  40              	/* start address for the initialization values of the .data section.
  41              	defined in linker script */
  42 0000 00000000 	.word	_sidata
  43              	/* start address for the .data section. defined in linker script */
  44 0004 00000000 	.word	_sdata
  45              	/* end address for the .data section. defined in linker script */
  46 0008 00000000 	.word	_edata
  47              	/* start address for the .bss section. defined in linker script */
  48 000c 00000000 	.word	_sbss
  49              	/* end address for the .bss section. defined in linker script */
  50 0010 00000000 	.word	_ebss
  51              	
  52              	.equ  BootRAM, 0xF108F85F
  53              	/**
  54              	 * @brief  This is the code that gets called when the processor first
  55              	 *          starts execution following a reset event. Only the absolutely
  56              	 *          necessary set is performed, after which the application
  57              	 *          supplied main() routine is called.
  58              	 * @param  None
  59              	 * @retval : None
  60              	*/
  61              	
  62              	    .section	.text.Reset_Handler
  63              		.weak	Reset_Handler
  65              	Reset_Handler:
  66              	
  67              	/* Copy the data segment initializers from flash to SRAM */
  68 0000 0021     	  movs	r1, #0
  69 0002 00F004B8 	  b	LoopCopyDataInit
  70              	
  71              	CopyDataInit:
  72 0006 0D4B     		ldr	r3, =_sidata
  73 0008 5B58     		ldr	r3, [r3, r1]
  74 000a 4350     		str	r3, [r0, r1]
  75 000c 0431     		adds	r1, r1, #4
  76              	
  77              	LoopCopyDataInit:
  78 000e 0C48     		ldr	r0, =_sdata
  79 0010 0C4B     		ldr	r3, =_edata
  80 0012 4218     		adds	r2, r0, r1
  81 0014 9A42     		cmp	r2, r3
  82 0016 FFF4F6AF 		bcc	CopyDataInit
  83 001a 0B4A     		ldr	r2, =_sbss
  84 001c 00F003B8 		b	LoopFillZerobss
  85              	/* Zero fill the bss segment. */
  86              	FillZerobss:
  87 0020 0023     		movs	r3, #0
  88 0022 42F8043B 		str	r3, [r2], #4
  89              	
  90              	LoopFillZerobss:
  91 0026 094B     		ldr	r3, = _ebss
  92 0028 9A42     		cmp	r2, r3
  93 002a FFF4F9AF 		bcc	FillZerobss
  94              		
  95              	/* Call the clock system intitialization function.*/
  96 002e FFF7FEFF 	  bl  SystemInit 
  97              	/* Call static constructors */
  98 0032 FFF7FEFF 	  bl __libc_init_array  
  99              	/* Call the application's entry point.*/
 100 0036 FFF7FEFF 		bl	main
 101 003a 7047     		bx	lr
 103              	
 104              	/**
 105              	 * @brief  This is the code that gets called when the processor receives an
 106              	 *         unexpected interrupt.  This simply enters an infinite loop, preserving
 107              	 *         the system state for examination by a debugger.
 108              	 *
 109              	 * @param  None
 110              	 * @retval : None
 111              	*/
 112              	    .section	.text.Default_Handler,"ax",%progbits
 113              	Default_Handler:
 114              	Infinite_Loop:
 115 0000 FFF7FEBF 		b	Infinite_Loop
 117              	/******************************************************************************
 118              	*
 119              	* The minimal vector table for a Cortex M3.  Note that the proper constructs
 120              	* must be placed on this to ensure that it ends up at physical address
 121              	* 0x0000.0000.
 122              	*
 123              	******************************************************************************/
 124              	 	.section	.isr_vector,"a",%progbits
 127              	
 128              	
 129              	g_pfnVectors:
 130 0000 00000000 		.word	_estack
 131 0004 00000000 		.word	Reset_Handler
 132 0008 00000000 		.word	NMI_Handler
 133 000c 00000000 		.word	HardFault_Handler
 134 0010 00000000 		.word	MemManage_Handler
 135 0014 00000000 		.word	BusFault_Handler
 136 0018 00000000 		.word	UsageFault_Handler
 137 001c 00000000 		.word	0
 138 0020 00000000 		.word	0
 139 0024 00000000 		.word	0
 140 0028 00000000 		.word	0
 141 002c 00000000 		.word	SVC_Handler
 142 0030 00000000 		.word	DebugMon_Handler
 143 0034 00000000 		.word	0
 144 0038 00000000 		.word	PendSV_Handler
 145 003c 00000000 		.word	SysTick_Handler
 146 0040 00000000 		.word	WWDG_IRQHandler
 147 0044 00000000 		.word	PVD_IRQHandler
 148 0048 00000000 		.word	TAMPER_IRQHandler
 149 004c 00000000 		.word	RTC_IRQHandler
 150 0050 00000000 		.word	FLASH_IRQHandler
 151 0054 00000000 		.word	RCC_IRQHandler
 152 0058 00000000 		.word	EXTI0_IRQHandler
 153 005c 00000000 		.word	EXTI1_IRQHandler
 154 0060 00000000 		.word	EXTI2_IRQHandler
 155 0064 00000000 		.word	EXTI3_IRQHandler
 156 0068 00000000 		.word	EXTI4_IRQHandler
 157 006c 00000000 		.word	DMA1_Channel1_IRQHandler
 158 0070 00000000 		.word	DMA1_Channel2_IRQHandler
 159 0074 00000000 		.word	DMA1_Channel3_IRQHandler
 160 0078 00000000 		.word	DMA1_Channel4_IRQHandler
 161 007c 00000000 		.word	DMA1_Channel5_IRQHandler
 162 0080 00000000 		.word	DMA1_Channel6_IRQHandler
 163 0084 00000000 		.word	DMA1_Channel7_IRQHandler
 164 0088 00000000 		.word	ADC1_IRQHandler
 165 008c 00000000 		.word	0
 166 0090 00000000 		.word	0
 167 0094 00000000 		.word	0
 168 0098 00000000 		.word	0
 169 009c 00000000 		.word	EXTI9_5_IRQHandler
 170 00a0 00000000 		.word	TIM1_BRK_TIM15_IRQHandler
 171 00a4 00000000 		.word	TIM1_UP_TIM16_IRQHandler
 172 00a8 00000000 		.word	TIM1_TRG_COM_TIM17_IRQHandler
 173 00ac 00000000 		.word	TIM1_CC_IRQHandler
 174 00b0 00000000 		.word	TIM2_IRQHandler
 175 00b4 00000000 		.word	TIM3_IRQHandler
 176 00b8 00000000 		.word	TIM4_IRQHandler
 177 00bc 00000000 		.word	I2C1_EV_IRQHandler
 178 00c0 00000000 		.word	I2C1_ER_IRQHandler
 179 00c4 00000000 		.word	I2C2_EV_IRQHandler
 180 00c8 00000000 		.word	I2C2_ER_IRQHandler
 181 00cc 00000000 		.word	SPI1_IRQHandler
 182 00d0 00000000 		.word	SPI2_IRQHandler
 183 00d4 00000000 		.word	USART1_IRQHandler
 184 00d8 00000000 		.word	USART2_IRQHandler
 185 00dc 00000000 		.word	USART3_IRQHandler
 186 00e0 00000000 		.word	EXTI15_10_IRQHandler
 187 00e4 00000000 		.word	RTCAlarm_IRQHandler
 188 00e8 00000000 		.word	CEC_IRQHandler
 189 00ec 00000000 		.word	0
 190 00f0 00000000 		.word	0
 191 00f4 00000000 		.word	0
 192 00f8 00000000 		.word	0
 193 00fc 00000000 		.word	0
 194 0100 00000000 		.word	0
 195 0104 00000000 		.word	0
 196 0108 00000000 		.word 0  
 197 010c 00000000 		.word 0
 198 0110 00000000 		.word 0
 199 0114 00000000 		.word 0
 200 0118 00000000 		.word TIM6_DAC_IRQHandler
 201 011c 00000000 		.word TIM7_IRQHandler  
 202 0120 00000000 		.word 0
 203 0124 00000000 		.word 0
 204 0128 00000000 		.word 0
 205 012c 00000000 		.word 0
 206 0130 00000000 		.word 0
 207 0134 00000000 		.word 0
 208 0138 00000000 		.word 0
 209 013c 00000000 		.word 0
 210 0140 00000000 		.word 0
 211 0144 00000000 		.word 0
 212 0148 00000000 		.word 0
 213 014c 00000000 		.word 0
 214 0150 00000000 		.word 0
 215 0154 00000000 		.word 0
 216 0158 00000000 		.word 0
 217 015c 00000000 		.word 0
 218 0160 00000000 		.word 0
 219 0164 00000000 		.word 0
 220 0168 00000000 		.word 0
 221 016c 00000000 		.word 0
 222 0170 00000000 		.word 0
 223 0174 00000000 		.word 0
 224 0178 00000000 		.word 0
 225 017c 00000000 		.word 0
 226 0180 00000000 		.word 0
 227 0184 00000000 		.word 0
 228 0188 00000000 		.word 0
 229 018c 00000000 		.word 0
 230 0190 00000000 		.word 0
 231 0194 00000000 		.word 0
 232 0198 00000000 		.word 0
 233 019c 00000000 		.word 0
 234 01a0 00000000 		.word 0
 235 01a4 00000000 		.word 0
 236 01a8 00000000 		.word 0
 237 01ac 00000000 		.word 0
 238 01b0 00000000 		.word 0
 239 01b4 00000000 		.word 0
 240 01b8 00000000 		.word 0
 241 01bc 00000000 		.word 0
 242 01c0 00000000 		.word 0
 243 01c4 00000000 		.word 0
 244 01c8 00000000 		.word 0
 245 01cc 5FF808F1 		.word BootRAM          /* @0x01CC. This is for boot in RAM mode for 
 246              	                         STM32F10x Medium Value Line Density devices. */
 247              	
 248              	/*******************************************************************************
 249              	*
 250              	* Provide weak aliases for each Exception handler to the Default_Handler.
 251              	* As they are weak aliases, any function with the same name will override
 252              	* this definition.
 253              	*
 254              	*******************************************************************************/
 255              	
 256              	    
 257              	  .weak  NMI_Handler
 258              	  .thumb_set NMI_Handler,Default_Handler
 259              	  
 260              	  .weak  HardFault_Handler
 261              	  .thumb_set HardFault_Handler,Default_Handler
 262              	  
 263              	  .weak  MemManage_Handler
 264              	  .thumb_set MemManage_Handler,Default_Handler
 265              	  
 266              	  .weak  BusFault_Handler
 267              	  .thumb_set BusFault_Handler,Default_Handler
 268              	
 269              	  .weak  UsageFault_Handler
 270              	  .thumb_set UsageFault_Handler,Default_Handler
 271              	
 272              	  .weak  SVC_Handler
 273              	  .thumb_set SVC_Handler,Default_Handler
 274              	
 275              	  .weak  DebugMon_Handler
 276              	  .thumb_set DebugMon_Handler,Default_Handler
 277              	
 278              	  .weak  PendSV_Handler
 279              	  .thumb_set PendSV_Handler,Default_Handler
 280              	
 281              	  .weak  SysTick_Handler
 282              	  .thumb_set SysTick_Handler,Default_Handler
 283              	
 284              	  .weak  WWDG_IRQHandler
 285              	  .thumb_set WWDG_IRQHandler,Default_Handler
 286              	
 287              	  .weak  PVD_IRQHandler
 288              	  .thumb_set PVD_IRQHandler,Default_Handler
 289              	
 290              	  .weak  TAMPER_IRQHandler
 291              	  .thumb_set TAMPER_IRQHandler,Default_Handler
 292              	
 293              	  .weak  RTC_IRQHandler
 294              	  .thumb_set RTC_IRQHandler,Default_Handler
 295              	
 296              	  .weak  FLASH_IRQHandler
 297              	  .thumb_set FLASH_IRQHandler,Default_Handler
 298              	
 299              	  .weak  RCC_IRQHandler
 300              	  .thumb_set RCC_IRQHandler,Default_Handler
 301              	
 302              	  .weak  EXTI0_IRQHandler
 303              	  .thumb_set EXTI0_IRQHandler,Default_Handler
 304              	
 305              	  .weak  EXTI1_IRQHandler
 306              	  .thumb_set EXTI1_IRQHandler,Default_Handler
 307              	
 308              	  .weak  EXTI2_IRQHandler
 309              	  .thumb_set EXTI2_IRQHandler,Default_Handler
 310              	
 311              	  .weak  EXTI3_IRQHandler
 312              	  .thumb_set EXTI3_IRQHandler,Default_Handler
 313              	
 314              	  .weak  EXTI4_IRQHandler
 315              	  .thumb_set EXTI4_IRQHandler,Default_Handler
 316              	
 317              	  .weak  DMA1_Channel1_IRQHandler
 318              	  .thumb_set DMA1_Channel1_IRQHandler,Default_Handler
 319              	
 320              	  .weak  DMA1_Channel2_IRQHandler
 321              	  .thumb_set DMA1_Channel2_IRQHandler,Default_Handler
 322              	
 323              	  .weak  DMA1_Channel3_IRQHandler
 324              	  .thumb_set DMA1_Channel3_IRQHandler,Default_Handler
 325              	
 326              	  .weak  DMA1_Channel4_IRQHandler
 327              	  .thumb_set DMA1_Channel4_IRQHandler,Default_Handler
 328              	
 329              	  .weak  DMA1_Channel5_IRQHandler
 330              	  .thumb_set DMA1_Channel5_IRQHandler,Default_Handler
 331              	
 332              	  .weak  DMA1_Channel6_IRQHandler
 333              	  .thumb_set DMA1_Channel6_IRQHandler,Default_Handler
 334              	
 335              	  .weak  DMA1_Channel7_IRQHandler
 336              	  .thumb_set DMA1_Channel7_IRQHandler,Default_Handler
 337              	
 338              	  .weak  ADC1_IRQHandler
 339              	  .thumb_set ADC1_IRQHandler,Default_Handler
 340              	
 341              	  .weak  EXTI9_5_IRQHandler
 342              	  .thumb_set EXTI9_5_IRQHandler,Default_Handler
 343              	
 344              	  .weak  TIM1_BRK_TIM15_IRQHandler
 345              	  .thumb_set TIM1_BRK_TIM15_IRQHandler,Default_Handler
 346              	
 347              	  .weak  TIM1_UP_TIM16_IRQHandler
 348              	  .thumb_set TIM1_UP_TIM16_IRQHandler,Default_Handler
 349              	
 350              	  .weak  TIM1_TRG_COM_TIM17_IRQHandler
 351              	  .thumb_set TIM1_TRG_COM_TIM17_IRQHandler,Default_Handler
 352              	
 353              	  .weak  TIM1_CC_IRQHandler
 354              	  .thumb_set TIM1_CC_IRQHandler,Default_Handler
 355              	
 356              	  .weak  TIM2_IRQHandler
 357              	  .thumb_set TIM2_IRQHandler,Default_Handler
 358              	
 359              	  .weak  TIM3_IRQHandler
 360              	  .thumb_set TIM3_IRQHandler,Default_Handler
 361              	
 362              	  .weak  TIM4_IRQHandler
 363              	  .thumb_set TIM4_IRQHandler,Default_Handler
 364              	
 365              	  .weak  I2C1_EV_IRQHandler
 366              	  .thumb_set I2C1_EV_IRQHandler,Default_Handler
 367              	
 368              	  .weak  I2C1_ER_IRQHandler
 369              	  .thumb_set I2C1_ER_IRQHandler,Default_Handler
 370              	
 371              	  .weak  I2C2_EV_IRQHandler
 372              	  .thumb_set I2C2_EV_IRQHandler,Default_Handler
 373              	
 374              	  .weak  I2C2_ER_IRQHandler
 375              	  .thumb_set I2C2_ER_IRQHandler,Default_Handler
 376              	
 377              	  .weak  SPI1_IRQHandler
 378              	  .thumb_set SPI1_IRQHandler,Default_Handler
 379              	
 380              	  .weak  SPI2_IRQHandler
 381              	  .thumb_set SPI2_IRQHandler,Default_Handler
 382              	
 383              	  .weak  USART1_IRQHandler
 384              	  .thumb_set USART1_IRQHandler,Default_Handler
 385              	
 386              	  .weak  USART2_IRQHandler
 387              	  .thumb_set USART2_IRQHandler,Default_Handler
 388              	
 389              	  .weak  USART3_IRQHandler
 390              	  .thumb_set USART3_IRQHandler,Default_Handler
 391              	
 392              	  .weak  EXTI15_10_IRQHandler
 393              	  .thumb_set EXTI15_10_IRQHandler,Default_Handler
 394              	
 395              	  .weak  RTCAlarm_IRQHandler
 396              	  .thumb_set RTCAlarm_IRQHandler,Default_Handler
 397              	
 398              	  .weak  CEC_IRQHandler
 399              	  .thumb_set CEC_IRQHandler,Default_Handler
 400              	
 401              	  .weak  TIM6_DAC_IRQHandler
 402              	  .thumb_set TIM6_DAC_IRQHandler,Default_Handler
 403              	
 404              	  .weak  TIM7_IRQHandler
 405              	  .thumb_set TIM7_IRQHandler,Default_Handler  
DEFINED SYMBOLS
../Libraries/CMSIS/CM3/DeviceSupport/ST/STM32F10x/startup/TrueSTUDIO/startup_stm32f10x_md_vl.S:129    .isr_vector:00000000 g_pfnVectors
../Libraries/CMSIS/CM3/DeviceSupport/ST/STM32F10x/startup/TrueSTUDIO/startup_stm32f10x_md_vl.S:113    .text.Default_Handler:00000000 Default_Handler
../Libraries/CMSIS/CM3/DeviceSupport/ST/STM32F10x/startup/TrueSTUDIO/startup_stm32f10x_md_vl.S:52     *ABS*:f108f85f BootRAM
../Libraries/CMSIS/CM3/DeviceSupport/ST/STM32F10x/startup/TrueSTUDIO/startup_stm32f10x_md_vl.S:65     .text.Reset_Handler:00000000 Reset_Handler
../Libraries/CMSIS/CM3/DeviceSupport/ST/STM32F10x/startup/TrueSTUDIO/startup_stm32f10x_md_vl.S:68     .text.Reset_Handler:00000000 $t
../Libraries/CMSIS/CM3/DeviceSupport/ST/STM32F10x/startup/TrueSTUDIO/startup_stm32f10x_md_vl.S:77     .text.Reset_Handler:0000000e LoopCopyDataInit
../Libraries/CMSIS/CM3/DeviceSupport/ST/STM32F10x/startup/TrueSTUDIO/startup_stm32f10x_md_vl.S:71     .text.Reset_Handler:00000006 CopyDataInit
../Libraries/CMSIS/CM3/DeviceSupport/ST/STM32F10x/startup/TrueSTUDIO/startup_stm32f10x_md_vl.S:90     .text.Reset_Handler:00000026 LoopFillZerobss
../Libraries/CMSIS/CM3/DeviceSupport/ST/STM32F10x/startup/TrueSTUDIO/startup_stm32f10x_md_vl.S:86     .text.Reset_Handler:00000020 FillZerobss
../Libraries/CMSIS/CM3/DeviceSupport/ST/STM32F10x/startup/TrueSTUDIO/startup_stm32f10x_md_vl.S:114    .text.Default_Handler:00000000 Infinite_Loop
../Libraries/CMSIS/CM3/DeviceSupport/ST/STM32F10x/startup/TrueSTUDIO/startup_stm32f10x_md_vl.S:115    .text.Default_Handler:00000000 $t
../Libraries/CMSIS/CM3/DeviceSupport/ST/STM32F10x/startup/TrueSTUDIO/startup_stm32f10x_md_vl.S:113    .text.Default_Handler:00000000 NMI_Handler
../Libraries/CMSIS/CM3/DeviceSupport/ST/STM32F10x/startup/TrueSTUDIO/startup_stm32f10x_md_vl.S:113    .text.Default_Handler:00000000 HardFault_Handler
../Libraries/CMSIS/CM3/DeviceSupport/ST/STM32F10x/startup/TrueSTUDIO/startup_stm32f10x_md_vl.S:113    .text.Default_Handler:00000000 MemManage_Handler
../Libraries/CMSIS/CM3/DeviceSupport/ST/STM32F10x/startup/TrueSTUDIO/startup_stm32f10x_md_vl.S:113    .text.Default_Handler:00000000 BusFault_Handler
../Libraries/CMSIS/CM3/DeviceSupport/ST/STM32F10x/startup/TrueSTUDIO/startup_stm32f10x_md_vl.S:113    .text.Default_Handler:00000000 UsageFault_Handler
../Libraries/CMSIS/CM3/DeviceSupport/ST/STM32F10x/startup/TrueSTUDIO/startup_stm32f10x_md_vl.S:113    .text.Default_Handler:00000000 SVC_Handler
../Libraries/CMSIS/CM3/DeviceSupport/ST/STM32F10x/startup/TrueSTUDIO/startup_stm32f10x_md_vl.S:113    .text.Default_Handler:00000000 DebugMon_Handler
../Libraries/CMSIS/CM3/DeviceSupport/ST/STM32F10x/startup/TrueSTUDIO/startup_stm32f10x_md_vl.S:113    .text.Default_Handler:00000000 PendSV_Handler
../Libraries/CMSIS/CM3/DeviceSupport/ST/STM32F10x/startup/TrueSTUDIO/startup_stm32f10x_md_vl.S:113    .text.Default_Handler:00000000 SysTick_Handler
../Libraries/CMSIS/CM3/DeviceSupport/ST/STM32F10x/startup/TrueSTUDIO/startup_stm32f10x_md_vl.S:113    .text.Default_Handler:00000000 WWDG_IRQHandler
../Libraries/CMSIS/CM3/DeviceSupport/ST/STM32F10x/startup/TrueSTUDIO/startup_stm32f10x_md_vl.S:113    .text.Default_Handler:00000000 PVD_IRQHandler
../Libraries/CMSIS/CM3/DeviceSupport/ST/STM32F10x/startup/TrueSTUDIO/startup_stm32f10x_md_vl.S:113    .text.Default_Handler:00000000 TAMPER_IRQHandler
../Libraries/CMSIS/CM3/DeviceSupport/ST/STM32F10x/startup/TrueSTUDIO/startup_stm32f10x_md_vl.S:113    .text.Default_Handler:00000000 RTC_IRQHandler
../Libraries/CMSIS/CM3/DeviceSupport/ST/STM32F10x/startup/TrueSTUDIO/startup_stm32f10x_md_vl.S:113    .text.Default_Handler:00000000 FLASH_IRQHandler
../Libraries/CMSIS/CM3/DeviceSupport/ST/STM32F10x/startup/TrueSTUDIO/startup_stm32f10x_md_vl.S:113    .text.Default_Handler:00000000 RCC_IRQHandler
../Libraries/CMSIS/CM3/DeviceSupport/ST/STM32F10x/startup/TrueSTUDIO/startup_stm32f10x_md_vl.S:113    .text.Default_Handler:00000000 EXTI0_IRQHandler
../Libraries/CMSIS/CM3/DeviceSupport/ST/STM32F10x/startup/TrueSTUDIO/startup_stm32f10x_md_vl.S:113    .text.Default_Handler:00000000 EXTI1_IRQHandler
../Libraries/CMSIS/CM3/DeviceSupport/ST/STM32F10x/startup/TrueSTUDIO/startup_stm32f10x_md_vl.S:113    .text.Default_Handler:00000000 EXTI2_IRQHandler
../Libraries/CMSIS/CM3/DeviceSupport/ST/STM32F10x/startup/TrueSTUDIO/startup_stm32f10x_md_vl.S:113    .text.Default_Handler:00000000 EXTI3_IRQHandler
../Libraries/CMSIS/CM3/DeviceSupport/ST/STM32F10x/startup/TrueSTUDIO/startup_stm32f10x_md_vl.S:113    .text.Default_Handler:00000000 EXTI4_IRQHandler
../Libraries/CMSIS/CM3/DeviceSupport/ST/STM32F10x/startup/TrueSTUDIO/startup_stm32f10x_md_vl.S:113    .text.Default_Handler:00000000 DMA1_Channel1_IRQHandler
../Libraries/CMSIS/CM3/DeviceSupport/ST/STM32F10x/startup/TrueSTUDIO/startup_stm32f10x_md_vl.S:113    .text.Default_Handler:00000000 DMA1_Channel2_IRQHandler
../Libraries/CMSIS/CM3/DeviceSupport/ST/STM32F10x/startup/TrueSTUDIO/startup_stm32f10x_md_vl.S:113    .text.Default_Handler:00000000 DMA1_Channel3_IRQHandler
../Libraries/CMSIS/CM3/DeviceSupport/ST/STM32F10x/startup/TrueSTUDIO/startup_stm32f10x_md_vl.S:113    .text.Default_Handler:00000000 DMA1_Channel4_IRQHandler
../Libraries/CMSIS/CM3/DeviceSupport/ST/STM32F10x/startup/TrueSTUDIO/startup_stm32f10x_md_vl.S:113    .text.Default_Handler:00000000 DMA1_Channel5_IRQHandler
../Libraries/CMSIS/CM3/DeviceSupport/ST/STM32F10x/startup/TrueSTUDIO/startup_stm32f10x_md_vl.S:113    .text.Default_Handler:00000000 DMA1_Channel6_IRQHandler
../Libraries/CMSIS/CM3/DeviceSupport/ST/STM32F10x/startup/TrueSTUDIO/startup_stm32f10x_md_vl.S:113    .text.Default_Handler:00000000 DMA1_Channel7_IRQHandler
../Libraries/CMSIS/CM3/DeviceSupport/ST/STM32F10x/startup/TrueSTUDIO/startup_stm32f10x_md_vl.S:113    .text.Default_Handler:00000000 ADC1_IRQHandler
../Libraries/CMSIS/CM3/DeviceSupport/ST/STM32F10x/startup/TrueSTUDIO/startup_stm32f10x_md_vl.S:113    .text.Default_Handler:00000000 EXTI9_5_IRQHandler
../Libraries/CMSIS/CM3/DeviceSupport/ST/STM32F10x/startup/TrueSTUDIO/startup_stm32f10x_md_vl.S:113    .text.Default_Handler:00000000 TIM1_BRK_TIM15_IRQHandler
../Libraries/CMSIS/CM3/DeviceSupport/ST/STM32F10x/startup/TrueSTUDIO/startup_stm32f10x_md_vl.S:113    .text.Default_Handler:00000000 TIM1_UP_TIM16_IRQHandler
../Libraries/CMSIS/CM3/DeviceSupport/ST/STM32F10x/startup/TrueSTUDIO/startup_stm32f10x_md_vl.S:113    .text.Default_Handler:00000000 TIM1_TRG_COM_TIM17_IRQHandler
../Libraries/CMSIS/CM3/DeviceSupport/ST/STM32F10x/startup/TrueSTUDIO/startup_stm32f10x_md_vl.S:113    .text.Default_Handler:00000000 TIM1_CC_IRQHandler
../Libraries/CMSIS/CM3/DeviceSupport/ST/STM32F10x/startup/TrueSTUDIO/startup_stm32f10x_md_vl.S:113    .text.Default_Handler:00000000 TIM2_IRQHandler
../Libraries/CMSIS/CM3/DeviceSupport/ST/STM32F10x/startup/TrueSTUDIO/startup_stm32f10x_md_vl.S:113    .text.Default_Handler:00000000 TIM3_IRQHandler
../Libraries/CMSIS/CM3/DeviceSupport/ST/STM32F10x/startup/TrueSTUDIO/startup_stm32f10x_md_vl.S:113    .text.Default_Handler:00000000 TIM4_IRQHandler
../Libraries/CMSIS/CM3/DeviceSupport/ST/STM32F10x/startup/TrueSTUDIO/startup_stm32f10x_md_vl.S:113    .text.Default_Handler:00000000 I2C1_EV_IRQHandler
../Libraries/CMSIS/CM3/DeviceSupport/ST/STM32F10x/startup/TrueSTUDIO/startup_stm32f10x_md_vl.S:113    .text.Default_Handler:00000000 I2C1_ER_IRQHandler
../Libraries/CMSIS/CM3/DeviceSupport/ST/STM32F10x/startup/TrueSTUDIO/startup_stm32f10x_md_vl.S:113    .text.Default_Handler:00000000 I2C2_EV_IRQHandler
../Libraries/CMSIS/CM3/DeviceSupport/ST/STM32F10x/startup/TrueSTUDIO/startup_stm32f10x_md_vl.S:113    .text.Default_Handler:00000000 I2C2_ER_IRQHandler
../Libraries/CMSIS/CM3/DeviceSupport/ST/STM32F10x/startup/TrueSTUDIO/startup_stm32f10x_md_vl.S:113    .text.Default_Handler:00000000 SPI1_IRQHandler
../Libraries/CMSIS/CM3/DeviceSupport/ST/STM32F10x/startup/TrueSTUDIO/startup_stm32f10x_md_vl.S:113    .text.Default_Handler:00000000 SPI2_IRQHandler
../Libraries/CMSIS/CM3/DeviceSupport/ST/STM32F10x/startup/TrueSTUDIO/startup_stm32f10x_md_vl.S:113    .text.Default_Handler:00000000 USART1_IRQHandler
../Libraries/CMSIS/CM3/DeviceSupport/ST/STM32F10x/startup/TrueSTUDIO/startup_stm32f10x_md_vl.S:113    .text.Default_Handler:00000000 USART2_IRQHandler
../Libraries/CMSIS/CM3/DeviceSupport/ST/STM32F10x/startup/TrueSTUDIO/startup_stm32f10x_md_vl.S:113    .text.Default_Handler:00000000 USART3_IRQHandler
../Libraries/CMSIS/CM3/DeviceSupport/ST/STM32F10x/startup/TrueSTUDIO/startup_stm32f10x_md_vl.S:113    .text.Default_Handler:00000000 EXTI15_10_IRQHandler
../Libraries/CMSIS/CM3/DeviceSupport/ST/STM32F10x/startup/TrueSTUDIO/startup_stm32f10x_md_vl.S:113    .text.Default_Handler:00000000 RTCAlarm_IRQHandler
../Libraries/CMSIS/CM3/DeviceSupport/ST/STM32F10x/startup/TrueSTUDIO/startup_stm32f10x_md_vl.S:113    .text.Default_Handler:00000000 CEC_IRQHandler
../Libraries/CMSIS/CM3/DeviceSupport/ST/STM32F10x/startup/TrueSTUDIO/startup_stm32f10x_md_vl.S:113    .text.Default_Handler:00000000 TIM6_DAC_IRQHandler
../Libraries/CMSIS/CM3/DeviceSupport/ST/STM32F10x/startup/TrueSTUDIO/startup_stm32f10x_md_vl.S:113    .text.Default_Handler:00000000 TIM7_IRQHandler
../Libraries/CMSIS/CM3/DeviceSupport/ST/STM32F10x/startup/TrueSTUDIO/startup_stm32f10x_md_vl.S:112    .text.Reset_Handler:0000003c $d
                   .debug_aranges:0000000c $d

UNDEFINED SYMBOLS
_sidata
_sdata
_edata
_sbss
_ebss
SystemInit
__libc_init_array
main
_estack
