   1              		.syntax unified
   2              		.cpu cortex-m3
   3              		.fpu softvfp
   4              		.eabi_attribute 20, 1
   5              		.eabi_attribute 21, 1
   6              		.eabi_attribute 23, 3
   7              		.eabi_attribute 24, 1
   8              		.eabi_attribute 25, 1
   9              		.eabi_attribute 26, 1
  10              		.eabi_attribute 30, 6
  11              		.eabi_attribute 34, 1
  12              		.eabi_attribute 18, 4
  13              		.thumb
  14              		.file	"stm32f10x_iwdg.c"
  15              		.text
  16              	.Ltext0:
  17              		.cfi_sections	.debug_frame
  18              		.align	2
  19              		.global	IWDG_WriteAccessCmd
  20              		.thumb
  21              		.thumb_func
  23              	IWDG_WriteAccessCmd:
  24              	.LFB29:
  25              		.file 1 "../Libraries/STM32F10x_StdPeriph_Driver/src/stm32f10x_iwdg.c"
   1:../Libraries/STM32F10x_StdPeriph_Driver/src/stm32f10x_iwdg.c **** /**
   2:../Libraries/STM32F10x_StdPeriph_Driver/src/stm32f10x_iwdg.c ****   ******************************************************************************
   3:../Libraries/STM32F10x_StdPeriph_Driver/src/stm32f10x_iwdg.c ****   * @file    stm32f10x_iwdg.c
   4:../Libraries/STM32F10x_StdPeriph_Driver/src/stm32f10x_iwdg.c ****   * @author  MCD Application Team
   5:../Libraries/STM32F10x_StdPeriph_Driver/src/stm32f10x_iwdg.c ****   * @version V3.5.0
   6:../Libraries/STM32F10x_StdPeriph_Driver/src/stm32f10x_iwdg.c ****   * @date    11-March-2011
   7:../Libraries/STM32F10x_StdPeriph_Driver/src/stm32f10x_iwdg.c ****   * @brief   This file provides all the IWDG firmware functions.
   8:../Libraries/STM32F10x_StdPeriph_Driver/src/stm32f10x_iwdg.c ****   ******************************************************************************
   9:../Libraries/STM32F10x_StdPeriph_Driver/src/stm32f10x_iwdg.c ****   * @attention
  10:../Libraries/STM32F10x_StdPeriph_Driver/src/stm32f10x_iwdg.c ****   *
  11:../Libraries/STM32F10x_StdPeriph_Driver/src/stm32f10x_iwdg.c ****   * THE PRESENT FIRMWARE WHICH IS FOR GUIDANCE ONLY AIMS AT PROVIDING CUSTOMERS
  12:../Libraries/STM32F10x_StdPeriph_Driver/src/stm32f10x_iwdg.c ****   * WITH CODING INFORMATION REGARDING THEIR PRODUCTS IN ORDER FOR THEM TO SAVE
  13:../Libraries/STM32F10x_StdPeriph_Driver/src/stm32f10x_iwdg.c ****   * TIME. AS A RESULT, STMICROELECTRONICS SHALL NOT BE HELD LIABLE FOR ANY
  14:../Libraries/STM32F10x_StdPeriph_Driver/src/stm32f10x_iwdg.c ****   * DIRECT, INDIRECT OR CONSEQUENTIAL DAMAGES WITH RESPECT TO ANY CLAIMS ARISING
  15:../Libraries/STM32F10x_StdPeriph_Driver/src/stm32f10x_iwdg.c ****   * FROM THE CONTENT OF SUCH FIRMWARE AND/OR THE USE MADE BY CUSTOMERS OF THE
  16:../Libraries/STM32F10x_StdPeriph_Driver/src/stm32f10x_iwdg.c ****   * CODING INFORMATION CONTAINED HEREIN IN CONNECTION WITH THEIR PRODUCTS.
  17:../Libraries/STM32F10x_StdPeriph_Driver/src/stm32f10x_iwdg.c ****   *
  18:../Libraries/STM32F10x_StdPeriph_Driver/src/stm32f10x_iwdg.c ****   * <h2><center>&copy; COPYRIGHT 2011 STMicroelectronics</center></h2>
  19:../Libraries/STM32F10x_StdPeriph_Driver/src/stm32f10x_iwdg.c ****   ******************************************************************************
  20:../Libraries/STM32F10x_StdPeriph_Driver/src/stm32f10x_iwdg.c ****   */
  21:../Libraries/STM32F10x_StdPeriph_Driver/src/stm32f10x_iwdg.c **** 
  22:../Libraries/STM32F10x_StdPeriph_Driver/src/stm32f10x_iwdg.c **** /* Includes ------------------------------------------------------------------*/
  23:../Libraries/STM32F10x_StdPeriph_Driver/src/stm32f10x_iwdg.c **** #include "stm32f10x_iwdg.h"
  24:../Libraries/STM32F10x_StdPeriph_Driver/src/stm32f10x_iwdg.c **** 
  25:../Libraries/STM32F10x_StdPeriph_Driver/src/stm32f10x_iwdg.c **** /** @addtogroup STM32F10x_StdPeriph_Driver
  26:../Libraries/STM32F10x_StdPeriph_Driver/src/stm32f10x_iwdg.c ****   * @{
  27:../Libraries/STM32F10x_StdPeriph_Driver/src/stm32f10x_iwdg.c ****   */
  28:../Libraries/STM32F10x_StdPeriph_Driver/src/stm32f10x_iwdg.c **** 
  29:../Libraries/STM32F10x_StdPeriph_Driver/src/stm32f10x_iwdg.c **** /** @defgroup IWDG 
  30:../Libraries/STM32F10x_StdPeriph_Driver/src/stm32f10x_iwdg.c ****   * @brief IWDG driver modules
  31:../Libraries/STM32F10x_StdPeriph_Driver/src/stm32f10x_iwdg.c ****   * @{
  32:../Libraries/STM32F10x_StdPeriph_Driver/src/stm32f10x_iwdg.c ****   */ 
  33:../Libraries/STM32F10x_StdPeriph_Driver/src/stm32f10x_iwdg.c **** 
  34:../Libraries/STM32F10x_StdPeriph_Driver/src/stm32f10x_iwdg.c **** /** @defgroup IWDG_Private_TypesDefinitions
  35:../Libraries/STM32F10x_StdPeriph_Driver/src/stm32f10x_iwdg.c ****   * @{
  36:../Libraries/STM32F10x_StdPeriph_Driver/src/stm32f10x_iwdg.c ****   */
  37:../Libraries/STM32F10x_StdPeriph_Driver/src/stm32f10x_iwdg.c **** 
  38:../Libraries/STM32F10x_StdPeriph_Driver/src/stm32f10x_iwdg.c **** /**
  39:../Libraries/STM32F10x_StdPeriph_Driver/src/stm32f10x_iwdg.c ****   * @}
  40:../Libraries/STM32F10x_StdPeriph_Driver/src/stm32f10x_iwdg.c ****   */
  41:../Libraries/STM32F10x_StdPeriph_Driver/src/stm32f10x_iwdg.c **** 
  42:../Libraries/STM32F10x_StdPeriph_Driver/src/stm32f10x_iwdg.c **** /** @defgroup IWDG_Private_Defines
  43:../Libraries/STM32F10x_StdPeriph_Driver/src/stm32f10x_iwdg.c ****   * @{
  44:../Libraries/STM32F10x_StdPeriph_Driver/src/stm32f10x_iwdg.c ****   */ 
  45:../Libraries/STM32F10x_StdPeriph_Driver/src/stm32f10x_iwdg.c **** 
  46:../Libraries/STM32F10x_StdPeriph_Driver/src/stm32f10x_iwdg.c **** /* ---------------------- IWDG registers bit mask ----------------------------*/
  47:../Libraries/STM32F10x_StdPeriph_Driver/src/stm32f10x_iwdg.c **** 
  48:../Libraries/STM32F10x_StdPeriph_Driver/src/stm32f10x_iwdg.c **** /* KR register bit mask */
  49:../Libraries/STM32F10x_StdPeriph_Driver/src/stm32f10x_iwdg.c **** #define KR_KEY_Reload    ((uint16_t)0xAAAA)
  50:../Libraries/STM32F10x_StdPeriph_Driver/src/stm32f10x_iwdg.c **** #define KR_KEY_Enable    ((uint16_t)0xCCCC)
  51:../Libraries/STM32F10x_StdPeriph_Driver/src/stm32f10x_iwdg.c **** 
  52:../Libraries/STM32F10x_StdPeriph_Driver/src/stm32f10x_iwdg.c **** /**
  53:../Libraries/STM32F10x_StdPeriph_Driver/src/stm32f10x_iwdg.c ****   * @}
  54:../Libraries/STM32F10x_StdPeriph_Driver/src/stm32f10x_iwdg.c ****   */ 
  55:../Libraries/STM32F10x_StdPeriph_Driver/src/stm32f10x_iwdg.c **** 
  56:../Libraries/STM32F10x_StdPeriph_Driver/src/stm32f10x_iwdg.c **** /** @defgroup IWDG_Private_Macros
  57:../Libraries/STM32F10x_StdPeriph_Driver/src/stm32f10x_iwdg.c ****   * @{
  58:../Libraries/STM32F10x_StdPeriph_Driver/src/stm32f10x_iwdg.c ****   */
  59:../Libraries/STM32F10x_StdPeriph_Driver/src/stm32f10x_iwdg.c **** 
  60:../Libraries/STM32F10x_StdPeriph_Driver/src/stm32f10x_iwdg.c **** /**
  61:../Libraries/STM32F10x_StdPeriph_Driver/src/stm32f10x_iwdg.c ****   * @}
  62:../Libraries/STM32F10x_StdPeriph_Driver/src/stm32f10x_iwdg.c ****   */
  63:../Libraries/STM32F10x_StdPeriph_Driver/src/stm32f10x_iwdg.c **** 
  64:../Libraries/STM32F10x_StdPeriph_Driver/src/stm32f10x_iwdg.c **** /** @defgroup IWDG_Private_Variables
  65:../Libraries/STM32F10x_StdPeriph_Driver/src/stm32f10x_iwdg.c ****   * @{
  66:../Libraries/STM32F10x_StdPeriph_Driver/src/stm32f10x_iwdg.c ****   */
  67:../Libraries/STM32F10x_StdPeriph_Driver/src/stm32f10x_iwdg.c **** 
  68:../Libraries/STM32F10x_StdPeriph_Driver/src/stm32f10x_iwdg.c **** /**
  69:../Libraries/STM32F10x_StdPeriph_Driver/src/stm32f10x_iwdg.c ****   * @}
  70:../Libraries/STM32F10x_StdPeriph_Driver/src/stm32f10x_iwdg.c ****   */
  71:../Libraries/STM32F10x_StdPeriph_Driver/src/stm32f10x_iwdg.c **** 
  72:../Libraries/STM32F10x_StdPeriph_Driver/src/stm32f10x_iwdg.c **** /** @defgroup IWDG_Private_FunctionPrototypes
  73:../Libraries/STM32F10x_StdPeriph_Driver/src/stm32f10x_iwdg.c ****   * @{
  74:../Libraries/STM32F10x_StdPeriph_Driver/src/stm32f10x_iwdg.c ****   */
  75:../Libraries/STM32F10x_StdPeriph_Driver/src/stm32f10x_iwdg.c **** 
  76:../Libraries/STM32F10x_StdPeriph_Driver/src/stm32f10x_iwdg.c **** /**
  77:../Libraries/STM32F10x_StdPeriph_Driver/src/stm32f10x_iwdg.c ****   * @}
  78:../Libraries/STM32F10x_StdPeriph_Driver/src/stm32f10x_iwdg.c ****   */
  79:../Libraries/STM32F10x_StdPeriph_Driver/src/stm32f10x_iwdg.c **** 
  80:../Libraries/STM32F10x_StdPeriph_Driver/src/stm32f10x_iwdg.c **** /** @defgroup IWDG_Private_Functions
  81:../Libraries/STM32F10x_StdPeriph_Driver/src/stm32f10x_iwdg.c ****   * @{
  82:../Libraries/STM32F10x_StdPeriph_Driver/src/stm32f10x_iwdg.c ****   */
  83:../Libraries/STM32F10x_StdPeriph_Driver/src/stm32f10x_iwdg.c **** 
  84:../Libraries/STM32F10x_StdPeriph_Driver/src/stm32f10x_iwdg.c **** /**
  85:../Libraries/STM32F10x_StdPeriph_Driver/src/stm32f10x_iwdg.c ****   * @brief  Enables or disables write access to IWDG_PR and IWDG_RLR registers.
  86:../Libraries/STM32F10x_StdPeriph_Driver/src/stm32f10x_iwdg.c ****   * @param  IWDG_WriteAccess: new state of write access to IWDG_PR and IWDG_RLR registers.
  87:../Libraries/STM32F10x_StdPeriph_Driver/src/stm32f10x_iwdg.c ****   *   This parameter can be one of the following values:
  88:../Libraries/STM32F10x_StdPeriph_Driver/src/stm32f10x_iwdg.c ****   *     @arg IWDG_WriteAccess_Enable: Enable write access to IWDG_PR and IWDG_RLR registers
  89:../Libraries/STM32F10x_StdPeriph_Driver/src/stm32f10x_iwdg.c ****   *     @arg IWDG_WriteAccess_Disable: Disable write access to IWDG_PR and IWDG_RLR registers
  90:../Libraries/STM32F10x_StdPeriph_Driver/src/stm32f10x_iwdg.c ****   * @retval None
  91:../Libraries/STM32F10x_StdPeriph_Driver/src/stm32f10x_iwdg.c ****   */
  92:../Libraries/STM32F10x_StdPeriph_Driver/src/stm32f10x_iwdg.c **** void IWDG_WriteAccessCmd(uint16_t IWDG_WriteAccess)
  93:../Libraries/STM32F10x_StdPeriph_Driver/src/stm32f10x_iwdg.c **** {
  26              		.loc 1 93 0
  27              		.cfi_startproc
  28              		@ args = 0, pretend = 0, frame = 8
  29              		@ frame_needed = 1, uses_anonymous_args = 0
  30              		@ link register save eliminated.
  31 0000 80B4     		push	{r7}
  32              	.LCFI0:
  33              		.cfi_def_cfa_offset 4
  34              		.cfi_offset 7, -4
  35 0002 83B0     		sub	sp, sp, #12
  36              	.LCFI1:
  37              		.cfi_def_cfa_offset 16
  38 0004 00AF     		add	r7, sp, #0
  39              	.LCFI2:
  40              		.cfi_def_cfa_register 7
  41 0006 0346     		mov	r3, r0
  42 0008 FB80     		strh	r3, [r7, #6]	@ movhi
  94:../Libraries/STM32F10x_StdPeriph_Driver/src/stm32f10x_iwdg.c ****   /* Check the parameters */
  95:../Libraries/STM32F10x_StdPeriph_Driver/src/stm32f10x_iwdg.c ****   assert_param(IS_IWDG_WRITE_ACCESS(IWDG_WriteAccess));
  96:../Libraries/STM32F10x_StdPeriph_Driver/src/stm32f10x_iwdg.c ****   IWDG->KR = IWDG_WriteAccess;
  43              		.loc 1 96 0
  44 000a 4FF44053 		mov	r3, #12288
  45 000e C4F20003 		movt	r3, 16384
  46 0012 FA88     		ldrh	r2, [r7, #6]
  47 0014 1A60     		str	r2, [r3, #0]
  97:../Libraries/STM32F10x_StdPeriph_Driver/src/stm32f10x_iwdg.c **** }
  48              		.loc 1 97 0
  49 0016 07F10C07 		add	r7, r7, #12
  50 001a BD46     		mov	sp, r7
  51 001c 80BC     		pop	{r7}
  52 001e 7047     		bx	lr
  53              		.cfi_endproc
  54              	.LFE29:
  56              		.align	2
  57              		.global	IWDG_SetPrescaler
  58              		.thumb
  59              		.thumb_func
  61              	IWDG_SetPrescaler:
  62              	.LFB30:
  98:../Libraries/STM32F10x_StdPeriph_Driver/src/stm32f10x_iwdg.c **** 
  99:../Libraries/STM32F10x_StdPeriph_Driver/src/stm32f10x_iwdg.c **** /**
 100:../Libraries/STM32F10x_StdPeriph_Driver/src/stm32f10x_iwdg.c ****   * @brief  Sets IWDG Prescaler value.
 101:../Libraries/STM32F10x_StdPeriph_Driver/src/stm32f10x_iwdg.c ****   * @param  IWDG_Prescaler: specifies the IWDG Prescaler value.
 102:../Libraries/STM32F10x_StdPeriph_Driver/src/stm32f10x_iwdg.c ****   *   This parameter can be one of the following values:
 103:../Libraries/STM32F10x_StdPeriph_Driver/src/stm32f10x_iwdg.c ****   *     @arg IWDG_Prescaler_4: IWDG prescaler set to 4
 104:../Libraries/STM32F10x_StdPeriph_Driver/src/stm32f10x_iwdg.c ****   *     @arg IWDG_Prescaler_8: IWDG prescaler set to 8
 105:../Libraries/STM32F10x_StdPeriph_Driver/src/stm32f10x_iwdg.c ****   *     @arg IWDG_Prescaler_16: IWDG prescaler set to 16
 106:../Libraries/STM32F10x_StdPeriph_Driver/src/stm32f10x_iwdg.c ****   *     @arg IWDG_Prescaler_32: IWDG prescaler set to 32
 107:../Libraries/STM32F10x_StdPeriph_Driver/src/stm32f10x_iwdg.c ****   *     @arg IWDG_Prescaler_64: IWDG prescaler set to 64
 108:../Libraries/STM32F10x_StdPeriph_Driver/src/stm32f10x_iwdg.c ****   *     @arg IWDG_Prescaler_128: IWDG prescaler set to 128
 109:../Libraries/STM32F10x_StdPeriph_Driver/src/stm32f10x_iwdg.c ****   *     @arg IWDG_Prescaler_256: IWDG prescaler set to 256
 110:../Libraries/STM32F10x_StdPeriph_Driver/src/stm32f10x_iwdg.c ****   * @retval None
 111:../Libraries/STM32F10x_StdPeriph_Driver/src/stm32f10x_iwdg.c ****   */
 112:../Libraries/STM32F10x_StdPeriph_Driver/src/stm32f10x_iwdg.c **** void IWDG_SetPrescaler(uint8_t IWDG_Prescaler)
 113:../Libraries/STM32F10x_StdPeriph_Driver/src/stm32f10x_iwdg.c **** {
  63              		.loc 1 113 0
  64              		.cfi_startproc
  65              		@ args = 0, pretend = 0, frame = 8
  66              		@ frame_needed = 1, uses_anonymous_args = 0
  67              		@ link register save eliminated.
  68 0020 80B4     		push	{r7}
  69              	.LCFI3:
  70              		.cfi_def_cfa_offset 4
  71              		.cfi_offset 7, -4
  72 0022 83B0     		sub	sp, sp, #12
  73              	.LCFI4:
  74              		.cfi_def_cfa_offset 16
  75 0024 00AF     		add	r7, sp, #0
  76              	.LCFI5:
  77              		.cfi_def_cfa_register 7
  78 0026 0346     		mov	r3, r0
  79 0028 FB71     		strb	r3, [r7, #7]
 114:../Libraries/STM32F10x_StdPeriph_Driver/src/stm32f10x_iwdg.c ****   /* Check the parameters */
 115:../Libraries/STM32F10x_StdPeriph_Driver/src/stm32f10x_iwdg.c ****   assert_param(IS_IWDG_PRESCALER(IWDG_Prescaler));
 116:../Libraries/STM32F10x_StdPeriph_Driver/src/stm32f10x_iwdg.c ****   IWDG->PR = IWDG_Prescaler;
  80              		.loc 1 116 0
  81 002a 4FF44053 		mov	r3, #12288
  82 002e C4F20003 		movt	r3, 16384
  83 0032 FA79     		ldrb	r2, [r7, #7]	@ zero_extendqisi2
  84 0034 5A60     		str	r2, [r3, #4]
 117:../Libraries/STM32F10x_StdPeriph_Driver/src/stm32f10x_iwdg.c **** }
  85              		.loc 1 117 0
  86 0036 07F10C07 		add	r7, r7, #12
  87 003a BD46     		mov	sp, r7
  88 003c 80BC     		pop	{r7}
  89 003e 7047     		bx	lr
  90              		.cfi_endproc
  91              	.LFE30:
  93              		.align	2
  94              		.global	IWDG_SetReload
  95              		.thumb
  96              		.thumb_func
  98              	IWDG_SetReload:
  99              	.LFB31:
 118:../Libraries/STM32F10x_StdPeriph_Driver/src/stm32f10x_iwdg.c **** 
 119:../Libraries/STM32F10x_StdPeriph_Driver/src/stm32f10x_iwdg.c **** /**
 120:../Libraries/STM32F10x_StdPeriph_Driver/src/stm32f10x_iwdg.c ****   * @brief  Sets IWDG Reload value.
 121:../Libraries/STM32F10x_StdPeriph_Driver/src/stm32f10x_iwdg.c ****   * @param  Reload: specifies the IWDG Reload value.
 122:../Libraries/STM32F10x_StdPeriph_Driver/src/stm32f10x_iwdg.c ****   *   This parameter must be a number between 0 and 0x0FFF.
 123:../Libraries/STM32F10x_StdPeriph_Driver/src/stm32f10x_iwdg.c ****   * @retval None
 124:../Libraries/STM32F10x_StdPeriph_Driver/src/stm32f10x_iwdg.c ****   */
 125:../Libraries/STM32F10x_StdPeriph_Driver/src/stm32f10x_iwdg.c **** void IWDG_SetReload(uint16_t Reload)
 126:../Libraries/STM32F10x_StdPeriph_Driver/src/stm32f10x_iwdg.c **** {
 100              		.loc 1 126 0
 101              		.cfi_startproc
 102              		@ args = 0, pretend = 0, frame = 8
 103              		@ frame_needed = 1, uses_anonymous_args = 0
 104              		@ link register save eliminated.
 105 0040 80B4     		push	{r7}
 106              	.LCFI6:
 107              		.cfi_def_cfa_offset 4
 108              		.cfi_offset 7, -4
 109 0042 83B0     		sub	sp, sp, #12
 110              	.LCFI7:
 111              		.cfi_def_cfa_offset 16
 112 0044 00AF     		add	r7, sp, #0
 113              	.LCFI8:
 114              		.cfi_def_cfa_register 7
 115 0046 0346     		mov	r3, r0
 116 0048 FB80     		strh	r3, [r7, #6]	@ movhi
 127:../Libraries/STM32F10x_StdPeriph_Driver/src/stm32f10x_iwdg.c ****   /* Check the parameters */
 128:../Libraries/STM32F10x_StdPeriph_Driver/src/stm32f10x_iwdg.c ****   assert_param(IS_IWDG_RELOAD(Reload));
 129:../Libraries/STM32F10x_StdPeriph_Driver/src/stm32f10x_iwdg.c ****   IWDG->RLR = Reload;
 117              		.loc 1 129 0
 118 004a 4FF44053 		mov	r3, #12288
 119 004e C4F20003 		movt	r3, 16384
 120 0052 FA88     		ldrh	r2, [r7, #6]
 121 0054 9A60     		str	r2, [r3, #8]
 130:../Libraries/STM32F10x_StdPeriph_Driver/src/stm32f10x_iwdg.c **** }
 122              		.loc 1 130 0
 123 0056 07F10C07 		add	r7, r7, #12
 124 005a BD46     		mov	sp, r7
 125 005c 80BC     		pop	{r7}
 126 005e 7047     		bx	lr
 127              		.cfi_endproc
 128              	.LFE31:
 130              		.align	2
 131              		.global	IWDG_ReloadCounter
 132              		.thumb
 133              		.thumb_func
 135              	IWDG_ReloadCounter:
 136              	.LFB32:
 131:../Libraries/STM32F10x_StdPeriph_Driver/src/stm32f10x_iwdg.c **** 
 132:../Libraries/STM32F10x_StdPeriph_Driver/src/stm32f10x_iwdg.c **** /**
 133:../Libraries/STM32F10x_StdPeriph_Driver/src/stm32f10x_iwdg.c ****   * @brief  Reloads IWDG counter with value defined in the reload register
 134:../Libraries/STM32F10x_StdPeriph_Driver/src/stm32f10x_iwdg.c ****   *   (write access to IWDG_PR and IWDG_RLR registers disabled).
 135:../Libraries/STM32F10x_StdPeriph_Driver/src/stm32f10x_iwdg.c ****   * @param  None
 136:../Libraries/STM32F10x_StdPeriph_Driver/src/stm32f10x_iwdg.c ****   * @retval None
 137:../Libraries/STM32F10x_StdPeriph_Driver/src/stm32f10x_iwdg.c ****   */
 138:../Libraries/STM32F10x_StdPeriph_Driver/src/stm32f10x_iwdg.c **** void IWDG_ReloadCounter(void)
 139:../Libraries/STM32F10x_StdPeriph_Driver/src/stm32f10x_iwdg.c **** {
 137              		.loc 1 139 0
 138              		.cfi_startproc
 139              		@ args = 0, pretend = 0, frame = 0
 140              		@ frame_needed = 1, uses_anonymous_args = 0
 141              		@ link register save eliminated.
 142 0060 80B4     		push	{r7}
 143              	.LCFI9:
 144              		.cfi_def_cfa_offset 4
 145              		.cfi_offset 7, -4
 146 0062 00AF     		add	r7, sp, #0
 147              	.LCFI10:
 148              		.cfi_def_cfa_register 7
 140:../Libraries/STM32F10x_StdPeriph_Driver/src/stm32f10x_iwdg.c ****   IWDG->KR = KR_KEY_Reload;
 149              		.loc 1 140 0
 150 0064 4FF44053 		mov	r3, #12288
 151 0068 C4F20003 		movt	r3, 16384
 152 006c 4AF6AA22 		movw	r2, #43690
 153 0070 1A60     		str	r2, [r3, #0]
 141:../Libraries/STM32F10x_StdPeriph_Driver/src/stm32f10x_iwdg.c **** }
 154              		.loc 1 141 0
 155 0072 BD46     		mov	sp, r7
 156 0074 80BC     		pop	{r7}
 157 0076 7047     		bx	lr
 158              		.cfi_endproc
 159              	.LFE32:
 161              		.align	2
 162              		.global	IWDG_Enable
 163              		.thumb
 164              		.thumb_func
 166              	IWDG_Enable:
 167              	.LFB33:
 142:../Libraries/STM32F10x_StdPeriph_Driver/src/stm32f10x_iwdg.c **** 
 143:../Libraries/STM32F10x_StdPeriph_Driver/src/stm32f10x_iwdg.c **** /**
 144:../Libraries/STM32F10x_StdPeriph_Driver/src/stm32f10x_iwdg.c ****   * @brief  Enables IWDG (write access to IWDG_PR and IWDG_RLR registers disabled).
 145:../Libraries/STM32F10x_StdPeriph_Driver/src/stm32f10x_iwdg.c ****   * @param  None
 146:../Libraries/STM32F10x_StdPeriph_Driver/src/stm32f10x_iwdg.c ****   * @retval None
 147:../Libraries/STM32F10x_StdPeriph_Driver/src/stm32f10x_iwdg.c ****   */
 148:../Libraries/STM32F10x_StdPeriph_Driver/src/stm32f10x_iwdg.c **** void IWDG_Enable(void)
 149:../Libraries/STM32F10x_StdPeriph_Driver/src/stm32f10x_iwdg.c **** {
 168              		.loc 1 149 0
 169              		.cfi_startproc
 170              		@ args = 0, pretend = 0, frame = 0
 171              		@ frame_needed = 1, uses_anonymous_args = 0
 172              		@ link register save eliminated.
 173 0078 80B4     		push	{r7}
 174              	.LCFI11:
 175              		.cfi_def_cfa_offset 4
 176              		.cfi_offset 7, -4
 177 007a 00AF     		add	r7, sp, #0
 178              	.LCFI12:
 179              		.cfi_def_cfa_register 7
 150:../Libraries/STM32F10x_StdPeriph_Driver/src/stm32f10x_iwdg.c ****   IWDG->KR = KR_KEY_Enable;
 180              		.loc 1 150 0
 181 007c 4FF44053 		mov	r3, #12288
 182 0080 C4F20003 		movt	r3, 16384
 183 0084 4CF6CC42 		movw	r2, #52428
 184 0088 1A60     		str	r2, [r3, #0]
 151:../Libraries/STM32F10x_StdPeriph_Driver/src/stm32f10x_iwdg.c **** }
 185              		.loc 1 151 0
 186 008a BD46     		mov	sp, r7
 187 008c 80BC     		pop	{r7}
 188 008e 7047     		bx	lr
 189              		.cfi_endproc
 190              	.LFE33:
 192              		.align	2
 193              		.global	IWDG_GetFlagStatus
 194              		.thumb
 195              		.thumb_func
 197              	IWDG_GetFlagStatus:
 198              	.LFB34:
 152:../Libraries/STM32F10x_StdPeriph_Driver/src/stm32f10x_iwdg.c **** 
 153:../Libraries/STM32F10x_StdPeriph_Driver/src/stm32f10x_iwdg.c **** /**
 154:../Libraries/STM32F10x_StdPeriph_Driver/src/stm32f10x_iwdg.c ****   * @brief  Checks whether the specified IWDG flag is set or not.
 155:../Libraries/STM32F10x_StdPeriph_Driver/src/stm32f10x_iwdg.c ****   * @param  IWDG_FLAG: specifies the flag to check.
 156:../Libraries/STM32F10x_StdPeriph_Driver/src/stm32f10x_iwdg.c ****   *   This parameter can be one of the following values:
 157:../Libraries/STM32F10x_StdPeriph_Driver/src/stm32f10x_iwdg.c ****   *     @arg IWDG_FLAG_PVU: Prescaler Value Update on going
 158:../Libraries/STM32F10x_StdPeriph_Driver/src/stm32f10x_iwdg.c ****   *     @arg IWDG_FLAG_RVU: Reload Value Update on going
 159:../Libraries/STM32F10x_StdPeriph_Driver/src/stm32f10x_iwdg.c ****   * @retval The new state of IWDG_FLAG (SET or RESET).
 160:../Libraries/STM32F10x_StdPeriph_Driver/src/stm32f10x_iwdg.c ****   */
 161:../Libraries/STM32F10x_StdPeriph_Driver/src/stm32f10x_iwdg.c **** FlagStatus IWDG_GetFlagStatus(uint16_t IWDG_FLAG)
 162:../Libraries/STM32F10x_StdPeriph_Driver/src/stm32f10x_iwdg.c **** {
 199              		.loc 1 162 0
 200              		.cfi_startproc
 201              		@ args = 0, pretend = 0, frame = 16
 202              		@ frame_needed = 1, uses_anonymous_args = 0
 203              		@ link register save eliminated.
 204 0090 80B4     		push	{r7}
 205              	.LCFI13:
 206              		.cfi_def_cfa_offset 4
 207              		.cfi_offset 7, -4
 208 0092 85B0     		sub	sp, sp, #20
 209              	.LCFI14:
 210              		.cfi_def_cfa_offset 24
 211 0094 00AF     		add	r7, sp, #0
 212              	.LCFI15:
 213              		.cfi_def_cfa_register 7
 214 0096 0346     		mov	r3, r0
 215 0098 FB80     		strh	r3, [r7, #6]	@ movhi
 163:../Libraries/STM32F10x_StdPeriph_Driver/src/stm32f10x_iwdg.c ****   FlagStatus bitstatus = RESET;
 216              		.loc 1 163 0
 217 009a 4FF00003 		mov	r3, #0
 218 009e FB73     		strb	r3, [r7, #15]
 164:../Libraries/STM32F10x_StdPeriph_Driver/src/stm32f10x_iwdg.c ****   /* Check the parameters */
 165:../Libraries/STM32F10x_StdPeriph_Driver/src/stm32f10x_iwdg.c ****   assert_param(IS_IWDG_FLAG(IWDG_FLAG));
 166:../Libraries/STM32F10x_StdPeriph_Driver/src/stm32f10x_iwdg.c ****   if ((IWDG->SR & IWDG_FLAG) != (uint32_t)RESET)
 219              		.loc 1 166 0
 220 00a0 4FF44053 		mov	r3, #12288
 221 00a4 C4F20003 		movt	r3, 16384
 222 00a8 DA68     		ldr	r2, [r3, #12]
 223 00aa FB88     		ldrh	r3, [r7, #6]
 224 00ac 1340     		ands	r3, r3, r2
 225 00ae 002B     		cmp	r3, #0
 226 00b0 03D0     		beq	.L7
 167:../Libraries/STM32F10x_StdPeriph_Driver/src/stm32f10x_iwdg.c ****   {
 168:../Libraries/STM32F10x_StdPeriph_Driver/src/stm32f10x_iwdg.c ****     bitstatus = SET;
 227              		.loc 1 168 0
 228 00b2 4FF00103 		mov	r3, #1
 229 00b6 FB73     		strb	r3, [r7, #15]
 230 00b8 02E0     		b	.L8
 231              	.L7:
 169:../Libraries/STM32F10x_StdPeriph_Driver/src/stm32f10x_iwdg.c ****   }
 170:../Libraries/STM32F10x_StdPeriph_Driver/src/stm32f10x_iwdg.c ****   else
 171:../Libraries/STM32F10x_StdPeriph_Driver/src/stm32f10x_iwdg.c ****   {
 172:../Libraries/STM32F10x_StdPeriph_Driver/src/stm32f10x_iwdg.c ****     bitstatus = RESET;
 232              		.loc 1 172 0
 233 00ba 4FF00003 		mov	r3, #0
 234 00be FB73     		strb	r3, [r7, #15]
 235              	.L8:
 173:../Libraries/STM32F10x_StdPeriph_Driver/src/stm32f10x_iwdg.c ****   }
 174:../Libraries/STM32F10x_StdPeriph_Driver/src/stm32f10x_iwdg.c ****   /* Return the flag status */
 175:../Libraries/STM32F10x_StdPeriph_Driver/src/stm32f10x_iwdg.c ****   return bitstatus;
 236              		.loc 1 175 0
 237 00c0 FB7B     		ldrb	r3, [r7, #15]	@ zero_extendqisi2
 176:../Libraries/STM32F10x_StdPeriph_Driver/src/stm32f10x_iwdg.c **** }
 238              		.loc 1 176 0
 239 00c2 1846     		mov	r0, r3
 240 00c4 07F11407 		add	r7, r7, #20
 241 00c8 BD46     		mov	sp, r7
 242 00ca 80BC     		pop	{r7}
 243 00cc 7047     		bx	lr
 244              		.cfi_endproc
 245              	.LFE34:
 247              	.Letext0:
 248              		.file 2 "c:\\program files (x86)\\codesourcery\\sourcery_codebench_lite_for_arm_eabi\\bin\\../lib/
 249              		.file 3 "D:\\CORTEX\\F1_GlowingPainting\\Libraries\\CMSIS\\CM3\\DeviceSupport\\ST\\STM32F10x/stm32
 250              		.file 4 "D:\\CORTEX\\F1_GlowingPainting\\Libraries\\CMSIS\\CM3\\CoreSupport/core_cm3.h"
DEFINED SYMBOLS
                            *ABS*:00000000 stm32f10x_iwdg.c
C:\Users\Peter\AppData\Local\Temp\ccxDDu4M.s:18     .text:00000000 $t
C:\Users\Peter\AppData\Local\Temp\ccxDDu4M.s:23     .text:00000000 IWDG_WriteAccessCmd
C:\Users\Peter\AppData\Local\Temp\ccxDDu4M.s:61     .text:00000020 IWDG_SetPrescaler
C:\Users\Peter\AppData\Local\Temp\ccxDDu4M.s:98     .text:00000040 IWDG_SetReload
C:\Users\Peter\AppData\Local\Temp\ccxDDu4M.s:135    .text:00000060 IWDG_ReloadCounter
C:\Users\Peter\AppData\Local\Temp\ccxDDu4M.s:166    .text:00000078 IWDG_Enable
C:\Users\Peter\AppData\Local\Temp\ccxDDu4M.s:197    .text:00000090 IWDG_GetFlagStatus
                     .debug_frame:00000010 $d

NO UNDEFINED SYMBOLS
