   1              		.syntax unified
   2              		.cpu cortex-m3
   3              		.fpu softvfp
   4              		.eabi_attribute 20, 1
   5              		.eabi_attribute 21, 1
   6              		.eabi_attribute 23, 3
   7              		.eabi_attribute 24, 1
   8              		.eabi_attribute 25, 1
   9              		.eabi_attribute 26, 1
  10              		.eabi_attribute 30, 6
  11              		.eabi_attribute 34, 1
  12              		.eabi_attribute 18, 4
  13              		.thumb
  14              		.file	"core_cm3.c"
  15              		.text
  16              	.Ltext0:
  17              		.cfi_sections	.debug_frame
  18              		.align	2
  19              		.global	__get_PSP
  20              		.thumb
  21              		.thumb_func
  23              	__get_PSP:
  24              	.LFB0:
  25              		.file 1 "../Libraries/CMSIS/CM3/CoreSupport/core_cm3.c"
   1:../Libraries/CMSIS/CM3/CoreSupport/core_cm3.c **** /**************************************************************************//**
   2:../Libraries/CMSIS/CM3/CoreSupport/core_cm3.c ****  * @file     core_cm3.c
   3:../Libraries/CMSIS/CM3/CoreSupport/core_cm3.c ****  * @brief    CMSIS Cortex-M3 Core Peripheral Access Layer Source File
   4:../Libraries/CMSIS/CM3/CoreSupport/core_cm3.c ****  * @version  V1.30
   5:../Libraries/CMSIS/CM3/CoreSupport/core_cm3.c ****  * @date     30. October 2009
   6:../Libraries/CMSIS/CM3/CoreSupport/core_cm3.c ****  *
   7:../Libraries/CMSIS/CM3/CoreSupport/core_cm3.c ****  * @note
   8:../Libraries/CMSIS/CM3/CoreSupport/core_cm3.c ****  * Copyright (C) 2009 ARM Limited. All rights reserved.
   9:../Libraries/CMSIS/CM3/CoreSupport/core_cm3.c ****  *
  10:../Libraries/CMSIS/CM3/CoreSupport/core_cm3.c ****  * @par
  11:../Libraries/CMSIS/CM3/CoreSupport/core_cm3.c ****  * ARM Limited (ARM) is supplying this software for use with Cortex-M 
  12:../Libraries/CMSIS/CM3/CoreSupport/core_cm3.c ****  * processor based microcontrollers.  This file can be freely distributed 
  13:../Libraries/CMSIS/CM3/CoreSupport/core_cm3.c ****  * within development tools that are supporting such ARM based processors. 
  14:../Libraries/CMSIS/CM3/CoreSupport/core_cm3.c ****  *
  15:../Libraries/CMSIS/CM3/CoreSupport/core_cm3.c ****  * @par
  16:../Libraries/CMSIS/CM3/CoreSupport/core_cm3.c ****  * THIS SOFTWARE IS PROVIDED "AS IS".  NO WARRANTIES, WHETHER EXPRESS, IMPLIED
  17:../Libraries/CMSIS/CM3/CoreSupport/core_cm3.c ****  * OR STATUTORY, INCLUDING, BUT NOT LIMITED TO, IMPLIED WARRANTIES OF
  18:../Libraries/CMSIS/CM3/CoreSupport/core_cm3.c ****  * MERCHANTABILITY AND FITNESS FOR A PARTICULAR PURPOSE APPLY TO THIS SOFTWARE.
  19:../Libraries/CMSIS/CM3/CoreSupport/core_cm3.c ****  * ARM SHALL NOT, IN ANY CIRCUMSTANCES, BE LIABLE FOR SPECIAL, INCIDENTAL, OR
  20:../Libraries/CMSIS/CM3/CoreSupport/core_cm3.c ****  * CONSEQUENTIAL DAMAGES, FOR ANY REASON WHATSOEVER.
  21:../Libraries/CMSIS/CM3/CoreSupport/core_cm3.c ****  *
  22:../Libraries/CMSIS/CM3/CoreSupport/core_cm3.c ****  ******************************************************************************/
  23:../Libraries/CMSIS/CM3/CoreSupport/core_cm3.c **** 
  24:../Libraries/CMSIS/CM3/CoreSupport/core_cm3.c **** #include <stdint.h>
  25:../Libraries/CMSIS/CM3/CoreSupport/core_cm3.c **** 
  26:../Libraries/CMSIS/CM3/CoreSupport/core_cm3.c **** /* define compiler specific symbols */
  27:../Libraries/CMSIS/CM3/CoreSupport/core_cm3.c **** #if defined ( __CC_ARM   )
  28:../Libraries/CMSIS/CM3/CoreSupport/core_cm3.c ****   #define __ASM            __asm                                      /*!< asm keyword for ARM Comp
  29:../Libraries/CMSIS/CM3/CoreSupport/core_cm3.c ****   #define __INLINE         __inline                                   /*!< inline keyword for ARM C
  30:../Libraries/CMSIS/CM3/CoreSupport/core_cm3.c **** 
  31:../Libraries/CMSIS/CM3/CoreSupport/core_cm3.c **** #elif defined ( __ICCARM__ )
  32:../Libraries/CMSIS/CM3/CoreSupport/core_cm3.c ****   #define __ASM           __asm                                       /*!< asm keyword for IAR Comp
  33:../Libraries/CMSIS/CM3/CoreSupport/core_cm3.c ****   #define __INLINE        inline                                      /*!< inline keyword for IAR C
  34:../Libraries/CMSIS/CM3/CoreSupport/core_cm3.c **** 
  35:../Libraries/CMSIS/CM3/CoreSupport/core_cm3.c **** #elif defined   (  __GNUC__  )
  36:../Libraries/CMSIS/CM3/CoreSupport/core_cm3.c ****   #define __ASM            __asm                                      /*!< asm keyword for GNU Comp
  37:../Libraries/CMSIS/CM3/CoreSupport/core_cm3.c ****   #define __INLINE         inline                                     /*!< inline keyword for GNU C
  38:../Libraries/CMSIS/CM3/CoreSupport/core_cm3.c **** 
  39:../Libraries/CMSIS/CM3/CoreSupport/core_cm3.c **** #elif defined   (  __TASKING__  )
  40:../Libraries/CMSIS/CM3/CoreSupport/core_cm3.c ****   #define __ASM            __asm                                      /*!< asm keyword for TASKING 
  41:../Libraries/CMSIS/CM3/CoreSupport/core_cm3.c ****   #define __INLINE         inline                                     /*!< inline keyword for TASKI
  42:../Libraries/CMSIS/CM3/CoreSupport/core_cm3.c **** 
  43:../Libraries/CMSIS/CM3/CoreSupport/core_cm3.c **** #endif
  44:../Libraries/CMSIS/CM3/CoreSupport/core_cm3.c **** 
  45:../Libraries/CMSIS/CM3/CoreSupport/core_cm3.c **** 
  46:../Libraries/CMSIS/CM3/CoreSupport/core_cm3.c **** /* ###################  Compiler specific Intrinsics  ########################### */
  47:../Libraries/CMSIS/CM3/CoreSupport/core_cm3.c **** 
  48:../Libraries/CMSIS/CM3/CoreSupport/core_cm3.c **** #if defined ( __CC_ARM   ) /*------------------RealView Compiler -----------------*/
  49:../Libraries/CMSIS/CM3/CoreSupport/core_cm3.c **** /* ARM armcc specific functions */
  50:../Libraries/CMSIS/CM3/CoreSupport/core_cm3.c **** 
  51:../Libraries/CMSIS/CM3/CoreSupport/core_cm3.c **** /**
  52:../Libraries/CMSIS/CM3/CoreSupport/core_cm3.c ****  * @brief  Return the Process Stack Pointer
  53:../Libraries/CMSIS/CM3/CoreSupport/core_cm3.c ****  *
  54:../Libraries/CMSIS/CM3/CoreSupport/core_cm3.c ****  * @return ProcessStackPointer
  55:../Libraries/CMSIS/CM3/CoreSupport/core_cm3.c ****  *
  56:../Libraries/CMSIS/CM3/CoreSupport/core_cm3.c ****  * Return the actual process stack pointer
  57:../Libraries/CMSIS/CM3/CoreSupport/core_cm3.c ****  */
  58:../Libraries/CMSIS/CM3/CoreSupport/core_cm3.c **** __ASM uint32_t __get_PSP(void)
  59:../Libraries/CMSIS/CM3/CoreSupport/core_cm3.c **** {
  60:../Libraries/CMSIS/CM3/CoreSupport/core_cm3.c ****   mrs r0, psp
  61:../Libraries/CMSIS/CM3/CoreSupport/core_cm3.c ****   bx lr
  62:../Libraries/CMSIS/CM3/CoreSupport/core_cm3.c **** }
  63:../Libraries/CMSIS/CM3/CoreSupport/core_cm3.c **** 
  64:../Libraries/CMSIS/CM3/CoreSupport/core_cm3.c **** /**
  65:../Libraries/CMSIS/CM3/CoreSupport/core_cm3.c ****  * @brief  Set the Process Stack Pointer
  66:../Libraries/CMSIS/CM3/CoreSupport/core_cm3.c ****  *
  67:../Libraries/CMSIS/CM3/CoreSupport/core_cm3.c ****  * @param  topOfProcStack  Process Stack Pointer
  68:../Libraries/CMSIS/CM3/CoreSupport/core_cm3.c ****  *
  69:../Libraries/CMSIS/CM3/CoreSupport/core_cm3.c ****  * Assign the value ProcessStackPointer to the MSP 
  70:../Libraries/CMSIS/CM3/CoreSupport/core_cm3.c ****  * (process stack pointer) Cortex processor register
  71:../Libraries/CMSIS/CM3/CoreSupport/core_cm3.c ****  */
  72:../Libraries/CMSIS/CM3/CoreSupport/core_cm3.c **** __ASM void __set_PSP(uint32_t topOfProcStack)
  73:../Libraries/CMSIS/CM3/CoreSupport/core_cm3.c **** {
  74:../Libraries/CMSIS/CM3/CoreSupport/core_cm3.c ****   msr psp, r0
  75:../Libraries/CMSIS/CM3/CoreSupport/core_cm3.c ****   bx lr
  76:../Libraries/CMSIS/CM3/CoreSupport/core_cm3.c **** }
  77:../Libraries/CMSIS/CM3/CoreSupport/core_cm3.c **** 
  78:../Libraries/CMSIS/CM3/CoreSupport/core_cm3.c **** /**
  79:../Libraries/CMSIS/CM3/CoreSupport/core_cm3.c ****  * @brief  Return the Main Stack Pointer
  80:../Libraries/CMSIS/CM3/CoreSupport/core_cm3.c ****  *
  81:../Libraries/CMSIS/CM3/CoreSupport/core_cm3.c ****  * @return Main Stack Pointer
  82:../Libraries/CMSIS/CM3/CoreSupport/core_cm3.c ****  *
  83:../Libraries/CMSIS/CM3/CoreSupport/core_cm3.c ****  * Return the current value of the MSP (main stack pointer)
  84:../Libraries/CMSIS/CM3/CoreSupport/core_cm3.c ****  * Cortex processor register
  85:../Libraries/CMSIS/CM3/CoreSupport/core_cm3.c ****  */
  86:../Libraries/CMSIS/CM3/CoreSupport/core_cm3.c **** __ASM uint32_t __get_MSP(void)
  87:../Libraries/CMSIS/CM3/CoreSupport/core_cm3.c **** {
  88:../Libraries/CMSIS/CM3/CoreSupport/core_cm3.c ****   mrs r0, msp
  89:../Libraries/CMSIS/CM3/CoreSupport/core_cm3.c ****   bx lr
  90:../Libraries/CMSIS/CM3/CoreSupport/core_cm3.c **** }
  91:../Libraries/CMSIS/CM3/CoreSupport/core_cm3.c **** 
  92:../Libraries/CMSIS/CM3/CoreSupport/core_cm3.c **** /**
  93:../Libraries/CMSIS/CM3/CoreSupport/core_cm3.c ****  * @brief  Set the Main Stack Pointer
  94:../Libraries/CMSIS/CM3/CoreSupport/core_cm3.c ****  *
  95:../Libraries/CMSIS/CM3/CoreSupport/core_cm3.c ****  * @param  topOfMainStack  Main Stack Pointer
  96:../Libraries/CMSIS/CM3/CoreSupport/core_cm3.c ****  *
  97:../Libraries/CMSIS/CM3/CoreSupport/core_cm3.c ****  * Assign the value mainStackPointer to the MSP 
  98:../Libraries/CMSIS/CM3/CoreSupport/core_cm3.c ****  * (main stack pointer) Cortex processor register
  99:../Libraries/CMSIS/CM3/CoreSupport/core_cm3.c ****  */
 100:../Libraries/CMSIS/CM3/CoreSupport/core_cm3.c **** __ASM void __set_MSP(uint32_t mainStackPointer)
 101:../Libraries/CMSIS/CM3/CoreSupport/core_cm3.c **** {
 102:../Libraries/CMSIS/CM3/CoreSupport/core_cm3.c ****   msr msp, r0
 103:../Libraries/CMSIS/CM3/CoreSupport/core_cm3.c ****   bx lr
 104:../Libraries/CMSIS/CM3/CoreSupport/core_cm3.c **** }
 105:../Libraries/CMSIS/CM3/CoreSupport/core_cm3.c **** 
 106:../Libraries/CMSIS/CM3/CoreSupport/core_cm3.c **** /**
 107:../Libraries/CMSIS/CM3/CoreSupport/core_cm3.c ****  * @brief  Reverse byte order in unsigned short value
 108:../Libraries/CMSIS/CM3/CoreSupport/core_cm3.c ****  *
 109:../Libraries/CMSIS/CM3/CoreSupport/core_cm3.c ****  * @param   value  value to reverse
 110:../Libraries/CMSIS/CM3/CoreSupport/core_cm3.c ****  * @return         reversed value
 111:../Libraries/CMSIS/CM3/CoreSupport/core_cm3.c ****  *
 112:../Libraries/CMSIS/CM3/CoreSupport/core_cm3.c ****  * Reverse byte order in unsigned short value
 113:../Libraries/CMSIS/CM3/CoreSupport/core_cm3.c ****  */
 114:../Libraries/CMSIS/CM3/CoreSupport/core_cm3.c **** __ASM uint32_t __REV16(uint16_t value)
 115:../Libraries/CMSIS/CM3/CoreSupport/core_cm3.c **** {
 116:../Libraries/CMSIS/CM3/CoreSupport/core_cm3.c ****   rev16 r0, r0
 117:../Libraries/CMSIS/CM3/CoreSupport/core_cm3.c ****   bx lr
 118:../Libraries/CMSIS/CM3/CoreSupport/core_cm3.c **** }
 119:../Libraries/CMSIS/CM3/CoreSupport/core_cm3.c **** 
 120:../Libraries/CMSIS/CM3/CoreSupport/core_cm3.c **** /**
 121:../Libraries/CMSIS/CM3/CoreSupport/core_cm3.c ****  * @brief  Reverse byte order in signed short value with sign extension to integer
 122:../Libraries/CMSIS/CM3/CoreSupport/core_cm3.c ****  *
 123:../Libraries/CMSIS/CM3/CoreSupport/core_cm3.c ****  * @param   value  value to reverse
 124:../Libraries/CMSIS/CM3/CoreSupport/core_cm3.c ****  * @return         reversed value
 125:../Libraries/CMSIS/CM3/CoreSupport/core_cm3.c ****  *
 126:../Libraries/CMSIS/CM3/CoreSupport/core_cm3.c ****  * Reverse byte order in signed short value with sign extension to integer
 127:../Libraries/CMSIS/CM3/CoreSupport/core_cm3.c ****  */
 128:../Libraries/CMSIS/CM3/CoreSupport/core_cm3.c **** __ASM int32_t __REVSH(int16_t value)
 129:../Libraries/CMSIS/CM3/CoreSupport/core_cm3.c **** {
 130:../Libraries/CMSIS/CM3/CoreSupport/core_cm3.c ****   revsh r0, r0
 131:../Libraries/CMSIS/CM3/CoreSupport/core_cm3.c ****   bx lr
 132:../Libraries/CMSIS/CM3/CoreSupport/core_cm3.c **** }
 133:../Libraries/CMSIS/CM3/CoreSupport/core_cm3.c **** 
 134:../Libraries/CMSIS/CM3/CoreSupport/core_cm3.c **** 
 135:../Libraries/CMSIS/CM3/CoreSupport/core_cm3.c **** #if (__ARMCC_VERSION < 400000)
 136:../Libraries/CMSIS/CM3/CoreSupport/core_cm3.c **** 
 137:../Libraries/CMSIS/CM3/CoreSupport/core_cm3.c **** /**
 138:../Libraries/CMSIS/CM3/CoreSupport/core_cm3.c ****  * @brief  Remove the exclusive lock created by ldrex
 139:../Libraries/CMSIS/CM3/CoreSupport/core_cm3.c ****  *
 140:../Libraries/CMSIS/CM3/CoreSupport/core_cm3.c ****  * Removes the exclusive lock which is created by ldrex.
 141:../Libraries/CMSIS/CM3/CoreSupport/core_cm3.c ****  */
 142:../Libraries/CMSIS/CM3/CoreSupport/core_cm3.c **** __ASM void __CLREX(void)
 143:../Libraries/CMSIS/CM3/CoreSupport/core_cm3.c **** {
 144:../Libraries/CMSIS/CM3/CoreSupport/core_cm3.c ****   clrex
 145:../Libraries/CMSIS/CM3/CoreSupport/core_cm3.c **** }
 146:../Libraries/CMSIS/CM3/CoreSupport/core_cm3.c **** 
 147:../Libraries/CMSIS/CM3/CoreSupport/core_cm3.c **** /**
 148:../Libraries/CMSIS/CM3/CoreSupport/core_cm3.c ****  * @brief  Return the Base Priority value
 149:../Libraries/CMSIS/CM3/CoreSupport/core_cm3.c ****  *
 150:../Libraries/CMSIS/CM3/CoreSupport/core_cm3.c ****  * @return BasePriority
 151:../Libraries/CMSIS/CM3/CoreSupport/core_cm3.c ****  *
 152:../Libraries/CMSIS/CM3/CoreSupport/core_cm3.c ****  * Return the content of the base priority register
 153:../Libraries/CMSIS/CM3/CoreSupport/core_cm3.c ****  */
 154:../Libraries/CMSIS/CM3/CoreSupport/core_cm3.c **** __ASM uint32_t  __get_BASEPRI(void)
 155:../Libraries/CMSIS/CM3/CoreSupport/core_cm3.c **** {
 156:../Libraries/CMSIS/CM3/CoreSupport/core_cm3.c ****   mrs r0, basepri
 157:../Libraries/CMSIS/CM3/CoreSupport/core_cm3.c ****   bx lr
 158:../Libraries/CMSIS/CM3/CoreSupport/core_cm3.c **** }
 159:../Libraries/CMSIS/CM3/CoreSupport/core_cm3.c **** 
 160:../Libraries/CMSIS/CM3/CoreSupport/core_cm3.c **** /**
 161:../Libraries/CMSIS/CM3/CoreSupport/core_cm3.c ****  * @brief  Set the Base Priority value
 162:../Libraries/CMSIS/CM3/CoreSupport/core_cm3.c ****  *
 163:../Libraries/CMSIS/CM3/CoreSupport/core_cm3.c ****  * @param  basePri  BasePriority
 164:../Libraries/CMSIS/CM3/CoreSupport/core_cm3.c ****  *
 165:../Libraries/CMSIS/CM3/CoreSupport/core_cm3.c ****  * Set the base priority register
 166:../Libraries/CMSIS/CM3/CoreSupport/core_cm3.c ****  */
 167:../Libraries/CMSIS/CM3/CoreSupport/core_cm3.c **** __ASM void __set_BASEPRI(uint32_t basePri)
 168:../Libraries/CMSIS/CM3/CoreSupport/core_cm3.c **** {
 169:../Libraries/CMSIS/CM3/CoreSupport/core_cm3.c ****   msr basepri, r0
 170:../Libraries/CMSIS/CM3/CoreSupport/core_cm3.c ****   bx lr
 171:../Libraries/CMSIS/CM3/CoreSupport/core_cm3.c **** }
 172:../Libraries/CMSIS/CM3/CoreSupport/core_cm3.c **** 
 173:../Libraries/CMSIS/CM3/CoreSupport/core_cm3.c **** /**
 174:../Libraries/CMSIS/CM3/CoreSupport/core_cm3.c ****  * @brief  Return the Priority Mask value
 175:../Libraries/CMSIS/CM3/CoreSupport/core_cm3.c ****  *
 176:../Libraries/CMSIS/CM3/CoreSupport/core_cm3.c ****  * @return PriMask
 177:../Libraries/CMSIS/CM3/CoreSupport/core_cm3.c ****  *
 178:../Libraries/CMSIS/CM3/CoreSupport/core_cm3.c ****  * Return state of the priority mask bit from the priority mask register
 179:../Libraries/CMSIS/CM3/CoreSupport/core_cm3.c ****  */
 180:../Libraries/CMSIS/CM3/CoreSupport/core_cm3.c **** __ASM uint32_t __get_PRIMASK(void)
 181:../Libraries/CMSIS/CM3/CoreSupport/core_cm3.c **** {
 182:../Libraries/CMSIS/CM3/CoreSupport/core_cm3.c ****   mrs r0, primask
 183:../Libraries/CMSIS/CM3/CoreSupport/core_cm3.c ****   bx lr
 184:../Libraries/CMSIS/CM3/CoreSupport/core_cm3.c **** }
 185:../Libraries/CMSIS/CM3/CoreSupport/core_cm3.c **** 
 186:../Libraries/CMSIS/CM3/CoreSupport/core_cm3.c **** /**
 187:../Libraries/CMSIS/CM3/CoreSupport/core_cm3.c ****  * @brief  Set the Priority Mask value
 188:../Libraries/CMSIS/CM3/CoreSupport/core_cm3.c ****  *
 189:../Libraries/CMSIS/CM3/CoreSupport/core_cm3.c ****  * @param  priMask  PriMask
 190:../Libraries/CMSIS/CM3/CoreSupport/core_cm3.c ****  *
 191:../Libraries/CMSIS/CM3/CoreSupport/core_cm3.c ****  * Set the priority mask bit in the priority mask register
 192:../Libraries/CMSIS/CM3/CoreSupport/core_cm3.c ****  */
 193:../Libraries/CMSIS/CM3/CoreSupport/core_cm3.c **** __ASM void __set_PRIMASK(uint32_t priMask)
 194:../Libraries/CMSIS/CM3/CoreSupport/core_cm3.c **** {
 195:../Libraries/CMSIS/CM3/CoreSupport/core_cm3.c ****   msr primask, r0
 196:../Libraries/CMSIS/CM3/CoreSupport/core_cm3.c ****   bx lr
 197:../Libraries/CMSIS/CM3/CoreSupport/core_cm3.c **** }
 198:../Libraries/CMSIS/CM3/CoreSupport/core_cm3.c **** 
 199:../Libraries/CMSIS/CM3/CoreSupport/core_cm3.c **** /**
 200:../Libraries/CMSIS/CM3/CoreSupport/core_cm3.c ****  * @brief  Return the Fault Mask value
 201:../Libraries/CMSIS/CM3/CoreSupport/core_cm3.c ****  *
 202:../Libraries/CMSIS/CM3/CoreSupport/core_cm3.c ****  * @return FaultMask
 203:../Libraries/CMSIS/CM3/CoreSupport/core_cm3.c ****  *
 204:../Libraries/CMSIS/CM3/CoreSupport/core_cm3.c ****  * Return the content of the fault mask register
 205:../Libraries/CMSIS/CM3/CoreSupport/core_cm3.c ****  */
 206:../Libraries/CMSIS/CM3/CoreSupport/core_cm3.c **** __ASM uint32_t  __get_FAULTMASK(void)
 207:../Libraries/CMSIS/CM3/CoreSupport/core_cm3.c **** {
 208:../Libraries/CMSIS/CM3/CoreSupport/core_cm3.c ****   mrs r0, faultmask
 209:../Libraries/CMSIS/CM3/CoreSupport/core_cm3.c ****   bx lr
 210:../Libraries/CMSIS/CM3/CoreSupport/core_cm3.c **** }
 211:../Libraries/CMSIS/CM3/CoreSupport/core_cm3.c **** 
 212:../Libraries/CMSIS/CM3/CoreSupport/core_cm3.c **** /**
 213:../Libraries/CMSIS/CM3/CoreSupport/core_cm3.c ****  * @brief  Set the Fault Mask value
 214:../Libraries/CMSIS/CM3/CoreSupport/core_cm3.c ****  *
 215:../Libraries/CMSIS/CM3/CoreSupport/core_cm3.c ****  * @param  faultMask  faultMask value
 216:../Libraries/CMSIS/CM3/CoreSupport/core_cm3.c ****  *
 217:../Libraries/CMSIS/CM3/CoreSupport/core_cm3.c ****  * Set the fault mask register
 218:../Libraries/CMSIS/CM3/CoreSupport/core_cm3.c ****  */
 219:../Libraries/CMSIS/CM3/CoreSupport/core_cm3.c **** __ASM void __set_FAULTMASK(uint32_t faultMask)
 220:../Libraries/CMSIS/CM3/CoreSupport/core_cm3.c **** {
 221:../Libraries/CMSIS/CM3/CoreSupport/core_cm3.c ****   msr faultmask, r0
 222:../Libraries/CMSIS/CM3/CoreSupport/core_cm3.c ****   bx lr
 223:../Libraries/CMSIS/CM3/CoreSupport/core_cm3.c **** }
 224:../Libraries/CMSIS/CM3/CoreSupport/core_cm3.c **** 
 225:../Libraries/CMSIS/CM3/CoreSupport/core_cm3.c **** /**
 226:../Libraries/CMSIS/CM3/CoreSupport/core_cm3.c ****  * @brief  Return the Control Register value
 227:../Libraries/CMSIS/CM3/CoreSupport/core_cm3.c ****  * 
 228:../Libraries/CMSIS/CM3/CoreSupport/core_cm3.c ****  * @return Control value
 229:../Libraries/CMSIS/CM3/CoreSupport/core_cm3.c ****  *
 230:../Libraries/CMSIS/CM3/CoreSupport/core_cm3.c ****  * Return the content of the control register
 231:../Libraries/CMSIS/CM3/CoreSupport/core_cm3.c ****  */
 232:../Libraries/CMSIS/CM3/CoreSupport/core_cm3.c **** __ASM uint32_t __get_CONTROL(void)
 233:../Libraries/CMSIS/CM3/CoreSupport/core_cm3.c **** {
 234:../Libraries/CMSIS/CM3/CoreSupport/core_cm3.c ****   mrs r0, control
 235:../Libraries/CMSIS/CM3/CoreSupport/core_cm3.c ****   bx lr
 236:../Libraries/CMSIS/CM3/CoreSupport/core_cm3.c **** }
 237:../Libraries/CMSIS/CM3/CoreSupport/core_cm3.c **** 
 238:../Libraries/CMSIS/CM3/CoreSupport/core_cm3.c **** /**
 239:../Libraries/CMSIS/CM3/CoreSupport/core_cm3.c ****  * @brief  Set the Control Register value
 240:../Libraries/CMSIS/CM3/CoreSupport/core_cm3.c ****  *
 241:../Libraries/CMSIS/CM3/CoreSupport/core_cm3.c ****  * @param  control  Control value
 242:../Libraries/CMSIS/CM3/CoreSupport/core_cm3.c ****  *
 243:../Libraries/CMSIS/CM3/CoreSupport/core_cm3.c ****  * Set the control register
 244:../Libraries/CMSIS/CM3/CoreSupport/core_cm3.c ****  */
 245:../Libraries/CMSIS/CM3/CoreSupport/core_cm3.c **** __ASM void __set_CONTROL(uint32_t control)
 246:../Libraries/CMSIS/CM3/CoreSupport/core_cm3.c **** {
 247:../Libraries/CMSIS/CM3/CoreSupport/core_cm3.c ****   msr control, r0
 248:../Libraries/CMSIS/CM3/CoreSupport/core_cm3.c ****   bx lr
 249:../Libraries/CMSIS/CM3/CoreSupport/core_cm3.c **** }
 250:../Libraries/CMSIS/CM3/CoreSupport/core_cm3.c **** 
 251:../Libraries/CMSIS/CM3/CoreSupport/core_cm3.c **** #endif /* __ARMCC_VERSION  */ 
 252:../Libraries/CMSIS/CM3/CoreSupport/core_cm3.c **** 
 253:../Libraries/CMSIS/CM3/CoreSupport/core_cm3.c **** 
 254:../Libraries/CMSIS/CM3/CoreSupport/core_cm3.c **** 
 255:../Libraries/CMSIS/CM3/CoreSupport/core_cm3.c **** #elif (defined (__ICCARM__)) /*------------------ ICC Compiler -------------------*/
 256:../Libraries/CMSIS/CM3/CoreSupport/core_cm3.c **** /* IAR iccarm specific functions */
 257:../Libraries/CMSIS/CM3/CoreSupport/core_cm3.c **** #pragma diag_suppress=Pe940
 258:../Libraries/CMSIS/CM3/CoreSupport/core_cm3.c **** 
 259:../Libraries/CMSIS/CM3/CoreSupport/core_cm3.c **** /**
 260:../Libraries/CMSIS/CM3/CoreSupport/core_cm3.c ****  * @brief  Return the Process Stack Pointer
 261:../Libraries/CMSIS/CM3/CoreSupport/core_cm3.c ****  *
 262:../Libraries/CMSIS/CM3/CoreSupport/core_cm3.c ****  * @return ProcessStackPointer
 263:../Libraries/CMSIS/CM3/CoreSupport/core_cm3.c ****  *
 264:../Libraries/CMSIS/CM3/CoreSupport/core_cm3.c ****  * Return the actual process stack pointer
 265:../Libraries/CMSIS/CM3/CoreSupport/core_cm3.c ****  */
 266:../Libraries/CMSIS/CM3/CoreSupport/core_cm3.c **** uint32_t __get_PSP(void)
 267:../Libraries/CMSIS/CM3/CoreSupport/core_cm3.c **** {
 268:../Libraries/CMSIS/CM3/CoreSupport/core_cm3.c ****   __ASM("mrs r0, psp");
 269:../Libraries/CMSIS/CM3/CoreSupport/core_cm3.c ****   __ASM("bx lr");
 270:../Libraries/CMSIS/CM3/CoreSupport/core_cm3.c **** }
 271:../Libraries/CMSIS/CM3/CoreSupport/core_cm3.c **** 
 272:../Libraries/CMSIS/CM3/CoreSupport/core_cm3.c **** /**
 273:../Libraries/CMSIS/CM3/CoreSupport/core_cm3.c ****  * @brief  Set the Process Stack Pointer
 274:../Libraries/CMSIS/CM3/CoreSupport/core_cm3.c ****  *
 275:../Libraries/CMSIS/CM3/CoreSupport/core_cm3.c ****  * @param  topOfProcStack  Process Stack Pointer
 276:../Libraries/CMSIS/CM3/CoreSupport/core_cm3.c ****  *
 277:../Libraries/CMSIS/CM3/CoreSupport/core_cm3.c ****  * Assign the value ProcessStackPointer to the MSP 
 278:../Libraries/CMSIS/CM3/CoreSupport/core_cm3.c ****  * (process stack pointer) Cortex processor register
 279:../Libraries/CMSIS/CM3/CoreSupport/core_cm3.c ****  */
 280:../Libraries/CMSIS/CM3/CoreSupport/core_cm3.c **** void __set_PSP(uint32_t topOfProcStack)
 281:../Libraries/CMSIS/CM3/CoreSupport/core_cm3.c **** {
 282:../Libraries/CMSIS/CM3/CoreSupport/core_cm3.c ****   __ASM("msr psp, r0");
 283:../Libraries/CMSIS/CM3/CoreSupport/core_cm3.c ****   __ASM("bx lr");
 284:../Libraries/CMSIS/CM3/CoreSupport/core_cm3.c **** }
 285:../Libraries/CMSIS/CM3/CoreSupport/core_cm3.c **** 
 286:../Libraries/CMSIS/CM3/CoreSupport/core_cm3.c **** /**
 287:../Libraries/CMSIS/CM3/CoreSupport/core_cm3.c ****  * @brief  Return the Main Stack Pointer
 288:../Libraries/CMSIS/CM3/CoreSupport/core_cm3.c ****  *
 289:../Libraries/CMSIS/CM3/CoreSupport/core_cm3.c ****  * @return Main Stack Pointer
 290:../Libraries/CMSIS/CM3/CoreSupport/core_cm3.c ****  *
 291:../Libraries/CMSIS/CM3/CoreSupport/core_cm3.c ****  * Return the current value of the MSP (main stack pointer)
 292:../Libraries/CMSIS/CM3/CoreSupport/core_cm3.c ****  * Cortex processor register
 293:../Libraries/CMSIS/CM3/CoreSupport/core_cm3.c ****  */
 294:../Libraries/CMSIS/CM3/CoreSupport/core_cm3.c **** uint32_t __get_MSP(void)
 295:../Libraries/CMSIS/CM3/CoreSupport/core_cm3.c **** {
 296:../Libraries/CMSIS/CM3/CoreSupport/core_cm3.c ****   __ASM("mrs r0, msp");
 297:../Libraries/CMSIS/CM3/CoreSupport/core_cm3.c ****   __ASM("bx lr");
 298:../Libraries/CMSIS/CM3/CoreSupport/core_cm3.c **** }
 299:../Libraries/CMSIS/CM3/CoreSupport/core_cm3.c **** 
 300:../Libraries/CMSIS/CM3/CoreSupport/core_cm3.c **** /**
 301:../Libraries/CMSIS/CM3/CoreSupport/core_cm3.c ****  * @brief  Set the Main Stack Pointer
 302:../Libraries/CMSIS/CM3/CoreSupport/core_cm3.c ****  *
 303:../Libraries/CMSIS/CM3/CoreSupport/core_cm3.c ****  * @param  topOfMainStack  Main Stack Pointer
 304:../Libraries/CMSIS/CM3/CoreSupport/core_cm3.c ****  *
 305:../Libraries/CMSIS/CM3/CoreSupport/core_cm3.c ****  * Assign the value mainStackPointer to the MSP 
 306:../Libraries/CMSIS/CM3/CoreSupport/core_cm3.c ****  * (main stack pointer) Cortex processor register
 307:../Libraries/CMSIS/CM3/CoreSupport/core_cm3.c ****  */
 308:../Libraries/CMSIS/CM3/CoreSupport/core_cm3.c **** void __set_MSP(uint32_t topOfMainStack)
 309:../Libraries/CMSIS/CM3/CoreSupport/core_cm3.c **** {
 310:../Libraries/CMSIS/CM3/CoreSupport/core_cm3.c ****   __ASM("msr msp, r0");
 311:../Libraries/CMSIS/CM3/CoreSupport/core_cm3.c ****   __ASM("bx lr");
 312:../Libraries/CMSIS/CM3/CoreSupport/core_cm3.c **** }
 313:../Libraries/CMSIS/CM3/CoreSupport/core_cm3.c **** 
 314:../Libraries/CMSIS/CM3/CoreSupport/core_cm3.c **** /**
 315:../Libraries/CMSIS/CM3/CoreSupport/core_cm3.c ****  * @brief  Reverse byte order in unsigned short value
 316:../Libraries/CMSIS/CM3/CoreSupport/core_cm3.c ****  *
 317:../Libraries/CMSIS/CM3/CoreSupport/core_cm3.c ****  * @param  value  value to reverse
 318:../Libraries/CMSIS/CM3/CoreSupport/core_cm3.c ****  * @return        reversed value
 319:../Libraries/CMSIS/CM3/CoreSupport/core_cm3.c ****  *
 320:../Libraries/CMSIS/CM3/CoreSupport/core_cm3.c ****  * Reverse byte order in unsigned short value
 321:../Libraries/CMSIS/CM3/CoreSupport/core_cm3.c ****  */
 322:../Libraries/CMSIS/CM3/CoreSupport/core_cm3.c **** uint32_t __REV16(uint16_t value)
 323:../Libraries/CMSIS/CM3/CoreSupport/core_cm3.c **** {
 324:../Libraries/CMSIS/CM3/CoreSupport/core_cm3.c ****   __ASM("rev16 r0, r0");
 325:../Libraries/CMSIS/CM3/CoreSupport/core_cm3.c ****   __ASM("bx lr");
 326:../Libraries/CMSIS/CM3/CoreSupport/core_cm3.c **** }
 327:../Libraries/CMSIS/CM3/CoreSupport/core_cm3.c **** 
 328:../Libraries/CMSIS/CM3/CoreSupport/core_cm3.c **** /**
 329:../Libraries/CMSIS/CM3/CoreSupport/core_cm3.c ****  * @brief  Reverse bit order of value
 330:../Libraries/CMSIS/CM3/CoreSupport/core_cm3.c ****  *
 331:../Libraries/CMSIS/CM3/CoreSupport/core_cm3.c ****  * @param  value  value to reverse
 332:../Libraries/CMSIS/CM3/CoreSupport/core_cm3.c ****  * @return        reversed value
 333:../Libraries/CMSIS/CM3/CoreSupport/core_cm3.c ****  *
 334:../Libraries/CMSIS/CM3/CoreSupport/core_cm3.c ****  * Reverse bit order of value
 335:../Libraries/CMSIS/CM3/CoreSupport/core_cm3.c ****  */
 336:../Libraries/CMSIS/CM3/CoreSupport/core_cm3.c **** uint32_t __RBIT(uint32_t value)
 337:../Libraries/CMSIS/CM3/CoreSupport/core_cm3.c **** {
 338:../Libraries/CMSIS/CM3/CoreSupport/core_cm3.c ****   __ASM("rbit r0, r0");
 339:../Libraries/CMSIS/CM3/CoreSupport/core_cm3.c ****   __ASM("bx lr");
 340:../Libraries/CMSIS/CM3/CoreSupport/core_cm3.c **** }
 341:../Libraries/CMSIS/CM3/CoreSupport/core_cm3.c **** 
 342:../Libraries/CMSIS/CM3/CoreSupport/core_cm3.c **** /**
 343:../Libraries/CMSIS/CM3/CoreSupport/core_cm3.c ****  * @brief  LDR Exclusive (8 bit)
 344:../Libraries/CMSIS/CM3/CoreSupport/core_cm3.c ****  *
 345:../Libraries/CMSIS/CM3/CoreSupport/core_cm3.c ****  * @param  *addr  address pointer
 346:../Libraries/CMSIS/CM3/CoreSupport/core_cm3.c ****  * @return        value of (*address)
 347:../Libraries/CMSIS/CM3/CoreSupport/core_cm3.c ****  *
 348:../Libraries/CMSIS/CM3/CoreSupport/core_cm3.c ****  * Exclusive LDR command for 8 bit values)
 349:../Libraries/CMSIS/CM3/CoreSupport/core_cm3.c ****  */
 350:../Libraries/CMSIS/CM3/CoreSupport/core_cm3.c **** uint8_t __LDREXB(uint8_t *addr)
 351:../Libraries/CMSIS/CM3/CoreSupport/core_cm3.c **** {
 352:../Libraries/CMSIS/CM3/CoreSupport/core_cm3.c ****   __ASM("ldrexb r0, [r0]");
 353:../Libraries/CMSIS/CM3/CoreSupport/core_cm3.c ****   __ASM("bx lr"); 
 354:../Libraries/CMSIS/CM3/CoreSupport/core_cm3.c **** }
 355:../Libraries/CMSIS/CM3/CoreSupport/core_cm3.c **** 
 356:../Libraries/CMSIS/CM3/CoreSupport/core_cm3.c **** /**
 357:../Libraries/CMSIS/CM3/CoreSupport/core_cm3.c ****  * @brief  LDR Exclusive (16 bit)
 358:../Libraries/CMSIS/CM3/CoreSupport/core_cm3.c ****  *
 359:../Libraries/CMSIS/CM3/CoreSupport/core_cm3.c ****  * @param  *addr  address pointer
 360:../Libraries/CMSIS/CM3/CoreSupport/core_cm3.c ****  * @return        value of (*address)
 361:../Libraries/CMSIS/CM3/CoreSupport/core_cm3.c ****  *
 362:../Libraries/CMSIS/CM3/CoreSupport/core_cm3.c ****  * Exclusive LDR command for 16 bit values
 363:../Libraries/CMSIS/CM3/CoreSupport/core_cm3.c ****  */
 364:../Libraries/CMSIS/CM3/CoreSupport/core_cm3.c **** uint16_t __LDREXH(uint16_t *addr)
 365:../Libraries/CMSIS/CM3/CoreSupport/core_cm3.c **** {
 366:../Libraries/CMSIS/CM3/CoreSupport/core_cm3.c ****   __ASM("ldrexh r0, [r0]");
 367:../Libraries/CMSIS/CM3/CoreSupport/core_cm3.c ****   __ASM("bx lr");
 368:../Libraries/CMSIS/CM3/CoreSupport/core_cm3.c **** }
 369:../Libraries/CMSIS/CM3/CoreSupport/core_cm3.c **** 
 370:../Libraries/CMSIS/CM3/CoreSupport/core_cm3.c **** /**
 371:../Libraries/CMSIS/CM3/CoreSupport/core_cm3.c ****  * @brief  LDR Exclusive (32 bit)
 372:../Libraries/CMSIS/CM3/CoreSupport/core_cm3.c ****  *
 373:../Libraries/CMSIS/CM3/CoreSupport/core_cm3.c ****  * @param  *addr  address pointer
 374:../Libraries/CMSIS/CM3/CoreSupport/core_cm3.c ****  * @return        value of (*address)
 375:../Libraries/CMSIS/CM3/CoreSupport/core_cm3.c ****  *
 376:../Libraries/CMSIS/CM3/CoreSupport/core_cm3.c ****  * Exclusive LDR command for 32 bit values
 377:../Libraries/CMSIS/CM3/CoreSupport/core_cm3.c ****  */
 378:../Libraries/CMSIS/CM3/CoreSupport/core_cm3.c **** uint32_t __LDREXW(uint32_t *addr)
 379:../Libraries/CMSIS/CM3/CoreSupport/core_cm3.c **** {
 380:../Libraries/CMSIS/CM3/CoreSupport/core_cm3.c ****   __ASM("ldrex r0, [r0]");
 381:../Libraries/CMSIS/CM3/CoreSupport/core_cm3.c ****   __ASM("bx lr");
 382:../Libraries/CMSIS/CM3/CoreSupport/core_cm3.c **** }
 383:../Libraries/CMSIS/CM3/CoreSupport/core_cm3.c **** 
 384:../Libraries/CMSIS/CM3/CoreSupport/core_cm3.c **** /**
 385:../Libraries/CMSIS/CM3/CoreSupport/core_cm3.c ****  * @brief  STR Exclusive (8 bit)
 386:../Libraries/CMSIS/CM3/CoreSupport/core_cm3.c ****  *
 387:../Libraries/CMSIS/CM3/CoreSupport/core_cm3.c ****  * @param  value  value to store
 388:../Libraries/CMSIS/CM3/CoreSupport/core_cm3.c ****  * @param  *addr  address pointer
 389:../Libraries/CMSIS/CM3/CoreSupport/core_cm3.c ****  * @return        successful / failed
 390:../Libraries/CMSIS/CM3/CoreSupport/core_cm3.c ****  *
 391:../Libraries/CMSIS/CM3/CoreSupport/core_cm3.c ****  * Exclusive STR command for 8 bit values
 392:../Libraries/CMSIS/CM3/CoreSupport/core_cm3.c ****  */
 393:../Libraries/CMSIS/CM3/CoreSupport/core_cm3.c **** uint32_t __STREXB(uint8_t value, uint8_t *addr)
 394:../Libraries/CMSIS/CM3/CoreSupport/core_cm3.c **** {
 395:../Libraries/CMSIS/CM3/CoreSupport/core_cm3.c ****   __ASM("strexb r0, r0, [r1]");
 396:../Libraries/CMSIS/CM3/CoreSupport/core_cm3.c ****   __ASM("bx lr");
 397:../Libraries/CMSIS/CM3/CoreSupport/core_cm3.c **** }
 398:../Libraries/CMSIS/CM3/CoreSupport/core_cm3.c **** 
 399:../Libraries/CMSIS/CM3/CoreSupport/core_cm3.c **** /**
 400:../Libraries/CMSIS/CM3/CoreSupport/core_cm3.c ****  * @brief  STR Exclusive (16 bit)
 401:../Libraries/CMSIS/CM3/CoreSupport/core_cm3.c ****  *
 402:../Libraries/CMSIS/CM3/CoreSupport/core_cm3.c ****  * @param  value  value to store
 403:../Libraries/CMSIS/CM3/CoreSupport/core_cm3.c ****  * @param  *addr  address pointer
 404:../Libraries/CMSIS/CM3/CoreSupport/core_cm3.c ****  * @return        successful / failed
 405:../Libraries/CMSIS/CM3/CoreSupport/core_cm3.c ****  *
 406:../Libraries/CMSIS/CM3/CoreSupport/core_cm3.c ****  * Exclusive STR command for 16 bit values
 407:../Libraries/CMSIS/CM3/CoreSupport/core_cm3.c ****  */
 408:../Libraries/CMSIS/CM3/CoreSupport/core_cm3.c **** uint32_t __STREXH(uint16_t value, uint16_t *addr)
 409:../Libraries/CMSIS/CM3/CoreSupport/core_cm3.c **** {
 410:../Libraries/CMSIS/CM3/CoreSupport/core_cm3.c ****   __ASM("strexh r0, r0, [r1]");
 411:../Libraries/CMSIS/CM3/CoreSupport/core_cm3.c ****   __ASM("bx lr");
 412:../Libraries/CMSIS/CM3/CoreSupport/core_cm3.c **** }
 413:../Libraries/CMSIS/CM3/CoreSupport/core_cm3.c **** 
 414:../Libraries/CMSIS/CM3/CoreSupport/core_cm3.c **** /**
 415:../Libraries/CMSIS/CM3/CoreSupport/core_cm3.c ****  * @brief  STR Exclusive (32 bit)
 416:../Libraries/CMSIS/CM3/CoreSupport/core_cm3.c ****  *
 417:../Libraries/CMSIS/CM3/CoreSupport/core_cm3.c ****  * @param  value  value to store
 418:../Libraries/CMSIS/CM3/CoreSupport/core_cm3.c ****  * @param  *addr  address pointer
 419:../Libraries/CMSIS/CM3/CoreSupport/core_cm3.c ****  * @return        successful / failed
 420:../Libraries/CMSIS/CM3/CoreSupport/core_cm3.c ****  *
 421:../Libraries/CMSIS/CM3/CoreSupport/core_cm3.c ****  * Exclusive STR command for 32 bit values
 422:../Libraries/CMSIS/CM3/CoreSupport/core_cm3.c ****  */
 423:../Libraries/CMSIS/CM3/CoreSupport/core_cm3.c **** uint32_t __STREXW(uint32_t value, uint32_t *addr)
 424:../Libraries/CMSIS/CM3/CoreSupport/core_cm3.c **** {
 425:../Libraries/CMSIS/CM3/CoreSupport/core_cm3.c ****   __ASM("strex r0, r0, [r1]");
 426:../Libraries/CMSIS/CM3/CoreSupport/core_cm3.c ****   __ASM("bx lr");
 427:../Libraries/CMSIS/CM3/CoreSupport/core_cm3.c **** }
 428:../Libraries/CMSIS/CM3/CoreSupport/core_cm3.c **** 
 429:../Libraries/CMSIS/CM3/CoreSupport/core_cm3.c **** #pragma diag_default=Pe940
 430:../Libraries/CMSIS/CM3/CoreSupport/core_cm3.c **** 
 431:../Libraries/CMSIS/CM3/CoreSupport/core_cm3.c **** 
 432:../Libraries/CMSIS/CM3/CoreSupport/core_cm3.c **** #elif (defined (__GNUC__)) /*------------------ GNU Compiler ---------------------*/
 433:../Libraries/CMSIS/CM3/CoreSupport/core_cm3.c **** /* GNU gcc specific functions */
 434:../Libraries/CMSIS/CM3/CoreSupport/core_cm3.c **** 
 435:../Libraries/CMSIS/CM3/CoreSupport/core_cm3.c **** /**
 436:../Libraries/CMSIS/CM3/CoreSupport/core_cm3.c ****  * @brief  Return the Process Stack Pointer
 437:../Libraries/CMSIS/CM3/CoreSupport/core_cm3.c ****  *
 438:../Libraries/CMSIS/CM3/CoreSupport/core_cm3.c ****  * @return ProcessStackPointer
 439:../Libraries/CMSIS/CM3/CoreSupport/core_cm3.c ****  *
 440:../Libraries/CMSIS/CM3/CoreSupport/core_cm3.c ****  * Return the actual process stack pointer
 441:../Libraries/CMSIS/CM3/CoreSupport/core_cm3.c ****  */
 442:../Libraries/CMSIS/CM3/CoreSupport/core_cm3.c **** uint32_t __get_PSP(void) __attribute__( ( naked ) );
 443:../Libraries/CMSIS/CM3/CoreSupport/core_cm3.c **** uint32_t __get_PSP(void)
 444:../Libraries/CMSIS/CM3/CoreSupport/core_cm3.c **** {
  26              		.loc 1 444 0
  27              		.cfi_startproc
  28              		@ Naked Function: prologue and epilogue provided by programmer.
  29              		@ args = 0, pretend = 0, frame = 0
  30              		@ frame_needed = 1, uses_anonymous_args = 0
 445:../Libraries/CMSIS/CM3/CoreSupport/core_cm3.c ****   uint32_t result=0;
  31              		.loc 1 445 0
  32 0000 4FF00004 		mov	r4, #0
 446:../Libraries/CMSIS/CM3/CoreSupport/core_cm3.c **** 
 447:../Libraries/CMSIS/CM3/CoreSupport/core_cm3.c ****   __ASM volatile ("MRS %0, psp\n\t" 
  33              		.loc 1 447 0
  34              	@ 447 "../Libraries/CMSIS/CM3/CoreSupport/core_cm3.c" 1
  35 0004 EFF30984 		MRS r4, psp
  36 0008 2046     		MOV r0, r4 
  37 000a 7047     		BX  lr     
  38              		
  39              	@ 0 "" 2
 448:../Libraries/CMSIS/CM3/CoreSupport/core_cm3.c ****                   "MOV r0, %0 \n\t"
 449:../Libraries/CMSIS/CM3/CoreSupport/core_cm3.c ****                   "BX  lr     \n\t"  : "=r" (result) );
 450:../Libraries/CMSIS/CM3/CoreSupport/core_cm3.c ****   return(result);
  40              		.loc 1 450 0
  41              		.thumb
  42 000c 2346     		mov	r3, r4
 451:../Libraries/CMSIS/CM3/CoreSupport/core_cm3.c **** }
  43              		.loc 1 451 0
  44 000e 1846     		mov	r0, r3
  45              		.cfi_endproc
  46              	.LFE0:
  48              		.align	2
  49              		.global	__set_PSP
  50              		.thumb
  51              		.thumb_func
  53              	__set_PSP:
  54              	.LFB1:
 452:../Libraries/CMSIS/CM3/CoreSupport/core_cm3.c **** 
 453:../Libraries/CMSIS/CM3/CoreSupport/core_cm3.c **** /**
 454:../Libraries/CMSIS/CM3/CoreSupport/core_cm3.c ****  * @brief  Set the Process Stack Pointer
 455:../Libraries/CMSIS/CM3/CoreSupport/core_cm3.c ****  *
 456:../Libraries/CMSIS/CM3/CoreSupport/core_cm3.c ****  * @param  topOfProcStack  Process Stack Pointer
 457:../Libraries/CMSIS/CM3/CoreSupport/core_cm3.c ****  *
 458:../Libraries/CMSIS/CM3/CoreSupport/core_cm3.c ****  * Assign the value ProcessStackPointer to the MSP 
 459:../Libraries/CMSIS/CM3/CoreSupport/core_cm3.c ****  * (process stack pointer) Cortex processor register
 460:../Libraries/CMSIS/CM3/CoreSupport/core_cm3.c ****  */
 461:../Libraries/CMSIS/CM3/CoreSupport/core_cm3.c **** void __set_PSP(uint32_t topOfProcStack) __attribute__( ( naked ) );
 462:../Libraries/CMSIS/CM3/CoreSupport/core_cm3.c **** void __set_PSP(uint32_t topOfProcStack)
 463:../Libraries/CMSIS/CM3/CoreSupport/core_cm3.c **** {
  55              		.loc 1 463 0
  56              		.cfi_startproc
  57              		@ Naked Function: prologue and epilogue provided by programmer.
  58              		@ args = 0, pretend = 0, frame = 0
  59              		@ frame_needed = 1, uses_anonymous_args = 0
  60 0010 0346     		mov	r3, r0
 464:../Libraries/CMSIS/CM3/CoreSupport/core_cm3.c ****   __ASM volatile ("MSR psp, %0\n\t"
  61              		.loc 1 464 0
  62              	@ 464 "../Libraries/CMSIS/CM3/CoreSupport/core_cm3.c" 1
  63 0012 83F30988 		MSR psp, r3
  64 0016 7047     		BX  lr     
  65              		
  66              	@ 0 "" 2
 465:../Libraries/CMSIS/CM3/CoreSupport/core_cm3.c ****                   "BX  lr     \n\t" : : "r" (topOfProcStack) );
 466:../Libraries/CMSIS/CM3/CoreSupport/core_cm3.c **** }
  67              		.loc 1 466 0
  68              		.thumb
  69              		.cfi_endproc
  70              	.LFE1:
  72              		.align	2
  73              		.global	__get_MSP
  74              		.thumb
  75              		.thumb_func
  77              	__get_MSP:
  78              	.LFB2:
 467:../Libraries/CMSIS/CM3/CoreSupport/core_cm3.c **** 
 468:../Libraries/CMSIS/CM3/CoreSupport/core_cm3.c **** /**
 469:../Libraries/CMSIS/CM3/CoreSupport/core_cm3.c ****  * @brief  Return the Main Stack Pointer
 470:../Libraries/CMSIS/CM3/CoreSupport/core_cm3.c ****  *
 471:../Libraries/CMSIS/CM3/CoreSupport/core_cm3.c ****  * @return Main Stack Pointer
 472:../Libraries/CMSIS/CM3/CoreSupport/core_cm3.c ****  *
 473:../Libraries/CMSIS/CM3/CoreSupport/core_cm3.c ****  * Return the current value of the MSP (main stack pointer)
 474:../Libraries/CMSIS/CM3/CoreSupport/core_cm3.c ****  * Cortex processor register
 475:../Libraries/CMSIS/CM3/CoreSupport/core_cm3.c ****  */
 476:../Libraries/CMSIS/CM3/CoreSupport/core_cm3.c **** uint32_t __get_MSP(void) __attribute__( ( naked ) );
 477:../Libraries/CMSIS/CM3/CoreSupport/core_cm3.c **** uint32_t __get_MSP(void)
 478:../Libraries/CMSIS/CM3/CoreSupport/core_cm3.c **** {
  79              		.loc 1 478 0
  80              		.cfi_startproc
  81              		@ Naked Function: prologue and epilogue provided by programmer.
  82              		@ args = 0, pretend = 0, frame = 0
  83              		@ frame_needed = 1, uses_anonymous_args = 0
 479:../Libraries/CMSIS/CM3/CoreSupport/core_cm3.c ****   uint32_t result=0;
  84              		.loc 1 479 0
  85 0018 4FF00004 		mov	r4, #0
 480:../Libraries/CMSIS/CM3/CoreSupport/core_cm3.c **** 
 481:../Libraries/CMSIS/CM3/CoreSupport/core_cm3.c ****   __ASM volatile ("MRS %0, msp\n\t" 
  86              		.loc 1 481 0
  87              	@ 481 "../Libraries/CMSIS/CM3/CoreSupport/core_cm3.c" 1
  88 001c EFF30884 		MRS r4, msp
  89 0020 2046     		MOV r0, r4 
  90 0022 7047     		BX  lr     
  91              		
  92              	@ 0 "" 2
 482:../Libraries/CMSIS/CM3/CoreSupport/core_cm3.c ****                   "MOV r0, %0 \n\t"
 483:../Libraries/CMSIS/CM3/CoreSupport/core_cm3.c ****                   "BX  lr     \n\t"  : "=r" (result) );
 484:../Libraries/CMSIS/CM3/CoreSupport/core_cm3.c ****   return(result);
  93              		.loc 1 484 0
  94              		.thumb
  95 0024 2346     		mov	r3, r4
 485:../Libraries/CMSIS/CM3/CoreSupport/core_cm3.c **** }
  96              		.loc 1 485 0
  97 0026 1846     		mov	r0, r3
  98              		.cfi_endproc
  99              	.LFE2:
 101              		.align	2
 102              		.global	__set_MSP
 103              		.thumb
 104              		.thumb_func
 106              	__set_MSP:
 107              	.LFB3:
 486:../Libraries/CMSIS/CM3/CoreSupport/core_cm3.c **** 
 487:../Libraries/CMSIS/CM3/CoreSupport/core_cm3.c **** /**
 488:../Libraries/CMSIS/CM3/CoreSupport/core_cm3.c ****  * @brief  Set the Main Stack Pointer
 489:../Libraries/CMSIS/CM3/CoreSupport/core_cm3.c ****  *
 490:../Libraries/CMSIS/CM3/CoreSupport/core_cm3.c ****  * @param  topOfMainStack  Main Stack Pointer
 491:../Libraries/CMSIS/CM3/CoreSupport/core_cm3.c ****  *
 492:../Libraries/CMSIS/CM3/CoreSupport/core_cm3.c ****  * Assign the value mainStackPointer to the MSP 
 493:../Libraries/CMSIS/CM3/CoreSupport/core_cm3.c ****  * (main stack pointer) Cortex processor register
 494:../Libraries/CMSIS/CM3/CoreSupport/core_cm3.c ****  */
 495:../Libraries/CMSIS/CM3/CoreSupport/core_cm3.c **** void __set_MSP(uint32_t topOfMainStack) __attribute__( ( naked ) );
 496:../Libraries/CMSIS/CM3/CoreSupport/core_cm3.c **** void __set_MSP(uint32_t topOfMainStack)
 497:../Libraries/CMSIS/CM3/CoreSupport/core_cm3.c **** {
 108              		.loc 1 497 0
 109              		.cfi_startproc
 110              		@ Naked Function: prologue and epilogue provided by programmer.
 111              		@ args = 0, pretend = 0, frame = 0
 112              		@ frame_needed = 1, uses_anonymous_args = 0
 113 0028 0346     		mov	r3, r0
 498:../Libraries/CMSIS/CM3/CoreSupport/core_cm3.c ****   __ASM volatile ("MSR msp, %0\n\t"
 114              		.loc 1 498 0
 115              	@ 498 "../Libraries/CMSIS/CM3/CoreSupport/core_cm3.c" 1
 116 002a 83F30888 		MSR msp, r3
 117 002e 7047     		BX  lr     
 118              		
 119              	@ 0 "" 2
 499:../Libraries/CMSIS/CM3/CoreSupport/core_cm3.c ****                   "BX  lr     \n\t" : : "r" (topOfMainStack) );
 500:../Libraries/CMSIS/CM3/CoreSupport/core_cm3.c **** }
 120              		.loc 1 500 0
 121              		.thumb
 122              		.cfi_endproc
 123              	.LFE3:
 125              		.align	2
 126              		.global	__get_BASEPRI
 127              		.thumb
 128              		.thumb_func
 130              	__get_BASEPRI:
 131              	.LFB4:
 501:../Libraries/CMSIS/CM3/CoreSupport/core_cm3.c **** 
 502:../Libraries/CMSIS/CM3/CoreSupport/core_cm3.c **** /**
 503:../Libraries/CMSIS/CM3/CoreSupport/core_cm3.c ****  * @brief  Return the Base Priority value
 504:../Libraries/CMSIS/CM3/CoreSupport/core_cm3.c ****  *
 505:../Libraries/CMSIS/CM3/CoreSupport/core_cm3.c ****  * @return BasePriority
 506:../Libraries/CMSIS/CM3/CoreSupport/core_cm3.c ****  *
 507:../Libraries/CMSIS/CM3/CoreSupport/core_cm3.c ****  * Return the content of the base priority register
 508:../Libraries/CMSIS/CM3/CoreSupport/core_cm3.c ****  */
 509:../Libraries/CMSIS/CM3/CoreSupport/core_cm3.c **** uint32_t __get_BASEPRI(void)
 510:../Libraries/CMSIS/CM3/CoreSupport/core_cm3.c **** {
 132              		.loc 1 510 0
 133              		.cfi_startproc
 134              		@ args = 0, pretend = 0, frame = 8
 135              		@ frame_needed = 1, uses_anonymous_args = 0
 136              		@ link register save eliminated.
 137 0030 90B4     		push	{r4, r7}
 138              	.LCFI0:
 139              		.cfi_def_cfa_offset 8
 140              		.cfi_offset 7, -4
 141              		.cfi_offset 4, -8
 142 0032 82B0     		sub	sp, sp, #8
 143              	.LCFI1:
 144              		.cfi_def_cfa_offset 16
 145 0034 00AF     		add	r7, sp, #0
 146              	.LCFI2:
 147              		.cfi_def_cfa_register 7
 511:../Libraries/CMSIS/CM3/CoreSupport/core_cm3.c ****   uint32_t result=0;
 148              		.loc 1 511 0
 149 0036 4FF00003 		mov	r3, #0
 150 003a 7B60     		str	r3, [r7, #4]
 512:../Libraries/CMSIS/CM3/CoreSupport/core_cm3.c ****   
 513:../Libraries/CMSIS/CM3/CoreSupport/core_cm3.c ****   __ASM volatile ("MRS %0, basepri_max" : "=r" (result) );
 151              		.loc 1 513 0
 152              	@ 513 "../Libraries/CMSIS/CM3/CoreSupport/core_cm3.c" 1
 153 003c EFF31284 		MRS r4, basepri_max
 154              	@ 0 "" 2
 155              		.thumb
 156 0040 7C60     		str	r4, [r7, #4]
 514:../Libraries/CMSIS/CM3/CoreSupport/core_cm3.c ****   return(result);
 157              		.loc 1 514 0
 158 0042 7B68     		ldr	r3, [r7, #4]
 515:../Libraries/CMSIS/CM3/CoreSupport/core_cm3.c **** }
 159              		.loc 1 515 0
 160 0044 1846     		mov	r0, r3
 161 0046 07F10807 		add	r7, r7, #8
 162 004a BD46     		mov	sp, r7
 163 004c 90BC     		pop	{r4, r7}
 164 004e 7047     		bx	lr
 165              		.cfi_endproc
 166              	.LFE4:
 168              		.align	2
 169              		.global	__set_BASEPRI
 170              		.thumb
 171              		.thumb_func
 173              	__set_BASEPRI:
 174              	.LFB5:
 516:../Libraries/CMSIS/CM3/CoreSupport/core_cm3.c **** 
 517:../Libraries/CMSIS/CM3/CoreSupport/core_cm3.c **** /**
 518:../Libraries/CMSIS/CM3/CoreSupport/core_cm3.c ****  * @brief  Set the Base Priority value
 519:../Libraries/CMSIS/CM3/CoreSupport/core_cm3.c ****  *
 520:../Libraries/CMSIS/CM3/CoreSupport/core_cm3.c ****  * @param  basePri  BasePriority
 521:../Libraries/CMSIS/CM3/CoreSupport/core_cm3.c ****  *
 522:../Libraries/CMSIS/CM3/CoreSupport/core_cm3.c ****  * Set the base priority register
 523:../Libraries/CMSIS/CM3/CoreSupport/core_cm3.c ****  */
 524:../Libraries/CMSIS/CM3/CoreSupport/core_cm3.c **** void __set_BASEPRI(uint32_t value)
 525:../Libraries/CMSIS/CM3/CoreSupport/core_cm3.c **** {
 175              		.loc 1 525 0
 176              		.cfi_startproc
 177              		@ args = 0, pretend = 0, frame = 8
 178              		@ frame_needed = 1, uses_anonymous_args = 0
 179              		@ link register save eliminated.
 180 0050 80B4     		push	{r7}
 181              	.LCFI3:
 182              		.cfi_def_cfa_offset 4
 183              		.cfi_offset 7, -4
 184 0052 83B0     		sub	sp, sp, #12
 185              	.LCFI4:
 186              		.cfi_def_cfa_offset 16
 187 0054 00AF     		add	r7, sp, #0
 188              	.LCFI5:
 189              		.cfi_def_cfa_register 7
 190 0056 7860     		str	r0, [r7, #4]
 526:../Libraries/CMSIS/CM3/CoreSupport/core_cm3.c ****   __ASM volatile ("MSR basepri, %0" : : "r" (value) );
 191              		.loc 1 526 0
 192 0058 7B68     		ldr	r3, [r7, #4]
 193              	@ 526 "../Libraries/CMSIS/CM3/CoreSupport/core_cm3.c" 1
 194 005a 83F31188 		MSR basepri, r3
 195              	@ 0 "" 2
 527:../Libraries/CMSIS/CM3/CoreSupport/core_cm3.c **** }
 196              		.loc 1 527 0
 197              		.thumb
 198 005e 07F10C07 		add	r7, r7, #12
 199 0062 BD46     		mov	sp, r7
 200 0064 80BC     		pop	{r7}
 201 0066 7047     		bx	lr
 202              		.cfi_endproc
 203              	.LFE5:
 205              		.align	2
 206              		.global	__get_PRIMASK
 207              		.thumb
 208              		.thumb_func
 210              	__get_PRIMASK:
 211              	.LFB6:
 528:../Libraries/CMSIS/CM3/CoreSupport/core_cm3.c **** 
 529:../Libraries/CMSIS/CM3/CoreSupport/core_cm3.c **** /**
 530:../Libraries/CMSIS/CM3/CoreSupport/core_cm3.c ****  * @brief  Return the Priority Mask value
 531:../Libraries/CMSIS/CM3/CoreSupport/core_cm3.c ****  *
 532:../Libraries/CMSIS/CM3/CoreSupport/core_cm3.c ****  * @return PriMask
 533:../Libraries/CMSIS/CM3/CoreSupport/core_cm3.c ****  *
 534:../Libraries/CMSIS/CM3/CoreSupport/core_cm3.c ****  * Return state of the priority mask bit from the priority mask register
 535:../Libraries/CMSIS/CM3/CoreSupport/core_cm3.c ****  */
 536:../Libraries/CMSIS/CM3/CoreSupport/core_cm3.c **** uint32_t __get_PRIMASK(void)
 537:../Libraries/CMSIS/CM3/CoreSupport/core_cm3.c **** {
 212              		.loc 1 537 0
 213              		.cfi_startproc
 214              		@ args = 0, pretend = 0, frame = 8
 215              		@ frame_needed = 1, uses_anonymous_args = 0
 216              		@ link register save eliminated.
 217 0068 90B4     		push	{r4, r7}
 218              	.LCFI6:
 219              		.cfi_def_cfa_offset 8
 220              		.cfi_offset 7, -4
 221              		.cfi_offset 4, -8
 222 006a 82B0     		sub	sp, sp, #8
 223              	.LCFI7:
 224              		.cfi_def_cfa_offset 16
 225 006c 00AF     		add	r7, sp, #0
 226              	.LCFI8:
 227              		.cfi_def_cfa_register 7
 538:../Libraries/CMSIS/CM3/CoreSupport/core_cm3.c ****   uint32_t result=0;
 228              		.loc 1 538 0
 229 006e 4FF00003 		mov	r3, #0
 230 0072 7B60     		str	r3, [r7, #4]
 539:../Libraries/CMSIS/CM3/CoreSupport/core_cm3.c **** 
 540:../Libraries/CMSIS/CM3/CoreSupport/core_cm3.c ****   __ASM volatile ("MRS %0, primask" : "=r" (result) );
 231              		.loc 1 540 0
 232              	@ 540 "../Libraries/CMSIS/CM3/CoreSupport/core_cm3.c" 1
 233 0074 EFF31084 		MRS r4, primask
 234              	@ 0 "" 2
 235              		.thumb
 236 0078 7C60     		str	r4, [r7, #4]
 541:../Libraries/CMSIS/CM3/CoreSupport/core_cm3.c ****   return(result);
 237              		.loc 1 541 0
 238 007a 7B68     		ldr	r3, [r7, #4]
 542:../Libraries/CMSIS/CM3/CoreSupport/core_cm3.c **** }
 239              		.loc 1 542 0
 240 007c 1846     		mov	r0, r3
 241 007e 07F10807 		add	r7, r7, #8
 242 0082 BD46     		mov	sp, r7
 243 0084 90BC     		pop	{r4, r7}
 244 0086 7047     		bx	lr
 245              		.cfi_endproc
 246              	.LFE6:
 248              		.align	2
 249              		.global	__set_PRIMASK
 250              		.thumb
 251              		.thumb_func
 253              	__set_PRIMASK:
 254              	.LFB7:
 543:../Libraries/CMSIS/CM3/CoreSupport/core_cm3.c **** 
 544:../Libraries/CMSIS/CM3/CoreSupport/core_cm3.c **** /**
 545:../Libraries/CMSIS/CM3/CoreSupport/core_cm3.c ****  * @brief  Set the Priority Mask value
 546:../Libraries/CMSIS/CM3/CoreSupport/core_cm3.c ****  *
 547:../Libraries/CMSIS/CM3/CoreSupport/core_cm3.c ****  * @param  priMask  PriMask
 548:../Libraries/CMSIS/CM3/CoreSupport/core_cm3.c ****  *
 549:../Libraries/CMSIS/CM3/CoreSupport/core_cm3.c ****  * Set the priority mask bit in the priority mask register
 550:../Libraries/CMSIS/CM3/CoreSupport/core_cm3.c ****  */
 551:../Libraries/CMSIS/CM3/CoreSupport/core_cm3.c **** void __set_PRIMASK(uint32_t priMask)
 552:../Libraries/CMSIS/CM3/CoreSupport/core_cm3.c **** {
 255              		.loc 1 552 0
 256              		.cfi_startproc
 257              		@ args = 0, pretend = 0, frame = 8
 258              		@ frame_needed = 1, uses_anonymous_args = 0
 259              		@ link register save eliminated.
 260 0088 80B4     		push	{r7}
 261              	.LCFI9:
 262              		.cfi_def_cfa_offset 4
 263              		.cfi_offset 7, -4
 264 008a 83B0     		sub	sp, sp, #12
 265              	.LCFI10:
 266              		.cfi_def_cfa_offset 16
 267 008c 00AF     		add	r7, sp, #0
 268              	.LCFI11:
 269              		.cfi_def_cfa_register 7
 270 008e 7860     		str	r0, [r7, #4]
 553:../Libraries/CMSIS/CM3/CoreSupport/core_cm3.c ****   __ASM volatile ("MSR primask, %0" : : "r" (priMask) );
 271              		.loc 1 553 0
 272 0090 7B68     		ldr	r3, [r7, #4]
 273              	@ 553 "../Libraries/CMSIS/CM3/CoreSupport/core_cm3.c" 1
 274 0092 83F31088 		MSR primask, r3
 275              	@ 0 "" 2
 554:../Libraries/CMSIS/CM3/CoreSupport/core_cm3.c **** }
 276              		.loc 1 554 0
 277              		.thumb
 278 0096 07F10C07 		add	r7, r7, #12
 279 009a BD46     		mov	sp, r7
 280 009c 80BC     		pop	{r7}
 281 009e 7047     		bx	lr
 282              		.cfi_endproc
 283              	.LFE7:
 285              		.align	2
 286              		.global	__get_FAULTMASK
 287              		.thumb
 288              		.thumb_func
 290              	__get_FAULTMASK:
 291              	.LFB8:
 555:../Libraries/CMSIS/CM3/CoreSupport/core_cm3.c **** 
 556:../Libraries/CMSIS/CM3/CoreSupport/core_cm3.c **** /**
 557:../Libraries/CMSIS/CM3/CoreSupport/core_cm3.c ****  * @brief  Return the Fault Mask value
 558:../Libraries/CMSIS/CM3/CoreSupport/core_cm3.c ****  *
 559:../Libraries/CMSIS/CM3/CoreSupport/core_cm3.c ****  * @return FaultMask
 560:../Libraries/CMSIS/CM3/CoreSupport/core_cm3.c ****  *
 561:../Libraries/CMSIS/CM3/CoreSupport/core_cm3.c ****  * Return the content of the fault mask register
 562:../Libraries/CMSIS/CM3/CoreSupport/core_cm3.c ****  */
 563:../Libraries/CMSIS/CM3/CoreSupport/core_cm3.c **** uint32_t __get_FAULTMASK(void)
 564:../Libraries/CMSIS/CM3/CoreSupport/core_cm3.c **** {
 292              		.loc 1 564 0
 293              		.cfi_startproc
 294              		@ args = 0, pretend = 0, frame = 8
 295              		@ frame_needed = 1, uses_anonymous_args = 0
 296              		@ link register save eliminated.
 297 00a0 90B4     		push	{r4, r7}
 298              	.LCFI12:
 299              		.cfi_def_cfa_offset 8
 300              		.cfi_offset 7, -4
 301              		.cfi_offset 4, -8
 302 00a2 82B0     		sub	sp, sp, #8
 303              	.LCFI13:
 304              		.cfi_def_cfa_offset 16
 305 00a4 00AF     		add	r7, sp, #0
 306              	.LCFI14:
 307              		.cfi_def_cfa_register 7
 565:../Libraries/CMSIS/CM3/CoreSupport/core_cm3.c ****   uint32_t result=0;
 308              		.loc 1 565 0
 309 00a6 4FF00003 		mov	r3, #0
 310 00aa 7B60     		str	r3, [r7, #4]
 566:../Libraries/CMSIS/CM3/CoreSupport/core_cm3.c ****   
 567:../Libraries/CMSIS/CM3/CoreSupport/core_cm3.c ****   __ASM volatile ("MRS %0, faultmask" : "=r" (result) );
 311              		.loc 1 567 0
 312              	@ 567 "../Libraries/CMSIS/CM3/CoreSupport/core_cm3.c" 1
 313 00ac EFF31384 		MRS r4, faultmask
 314              	@ 0 "" 2
 315              		.thumb
 316 00b0 7C60     		str	r4, [r7, #4]
 568:../Libraries/CMSIS/CM3/CoreSupport/core_cm3.c ****   return(result);
 317              		.loc 1 568 0
 318 00b2 7B68     		ldr	r3, [r7, #4]
 569:../Libraries/CMSIS/CM3/CoreSupport/core_cm3.c **** }
 319              		.loc 1 569 0
 320 00b4 1846     		mov	r0, r3
 321 00b6 07F10807 		add	r7, r7, #8
 322 00ba BD46     		mov	sp, r7
 323 00bc 90BC     		pop	{r4, r7}
 324 00be 7047     		bx	lr
 325              		.cfi_endproc
 326              	.LFE8:
 328              		.align	2
 329              		.global	__set_FAULTMASK
 330              		.thumb
 331              		.thumb_func
 333              	__set_FAULTMASK:
 334              	.LFB9:
 570:../Libraries/CMSIS/CM3/CoreSupport/core_cm3.c **** 
 571:../Libraries/CMSIS/CM3/CoreSupport/core_cm3.c **** /**
 572:../Libraries/CMSIS/CM3/CoreSupport/core_cm3.c ****  * @brief  Set the Fault Mask value
 573:../Libraries/CMSIS/CM3/CoreSupport/core_cm3.c ****  *
 574:../Libraries/CMSIS/CM3/CoreSupport/core_cm3.c ****  * @param  faultMask  faultMask value
 575:../Libraries/CMSIS/CM3/CoreSupport/core_cm3.c ****  *
 576:../Libraries/CMSIS/CM3/CoreSupport/core_cm3.c ****  * Set the fault mask register
 577:../Libraries/CMSIS/CM3/CoreSupport/core_cm3.c ****  */
 578:../Libraries/CMSIS/CM3/CoreSupport/core_cm3.c **** void __set_FAULTMASK(uint32_t faultMask)
 579:../Libraries/CMSIS/CM3/CoreSupport/core_cm3.c **** {
 335              		.loc 1 579 0
 336              		.cfi_startproc
 337              		@ args = 0, pretend = 0, frame = 8
 338              		@ frame_needed = 1, uses_anonymous_args = 0
 339              		@ link register save eliminated.
 340 00c0 80B4     		push	{r7}
 341              	.LCFI15:
 342              		.cfi_def_cfa_offset 4
 343              		.cfi_offset 7, -4
 344 00c2 83B0     		sub	sp, sp, #12
 345              	.LCFI16:
 346              		.cfi_def_cfa_offset 16
 347 00c4 00AF     		add	r7, sp, #0
 348              	.LCFI17:
 349              		.cfi_def_cfa_register 7
 350 00c6 7860     		str	r0, [r7, #4]
 580:../Libraries/CMSIS/CM3/CoreSupport/core_cm3.c ****   __ASM volatile ("MSR faultmask, %0" : : "r" (faultMask) );
 351              		.loc 1 580 0
 352 00c8 7B68     		ldr	r3, [r7, #4]
 353              	@ 580 "../Libraries/CMSIS/CM3/CoreSupport/core_cm3.c" 1
 354 00ca 83F31388 		MSR faultmask, r3
 355              	@ 0 "" 2
 581:../Libraries/CMSIS/CM3/CoreSupport/core_cm3.c **** }
 356              		.loc 1 581 0
 357              		.thumb
 358 00ce 07F10C07 		add	r7, r7, #12
 359 00d2 BD46     		mov	sp, r7
 360 00d4 80BC     		pop	{r7}
 361 00d6 7047     		bx	lr
 362              		.cfi_endproc
 363              	.LFE9:
 365              		.align	2
 366              		.global	__get_CONTROL
 367              		.thumb
 368              		.thumb_func
 370              	__get_CONTROL:
 371              	.LFB10:
 582:../Libraries/CMSIS/CM3/CoreSupport/core_cm3.c **** 
 583:../Libraries/CMSIS/CM3/CoreSupport/core_cm3.c **** /**
 584:../Libraries/CMSIS/CM3/CoreSupport/core_cm3.c ****  * @brief  Return the Control Register value
 585:../Libraries/CMSIS/CM3/CoreSupport/core_cm3.c **** * 
 586:../Libraries/CMSIS/CM3/CoreSupport/core_cm3.c **** *  @return Control value
 587:../Libraries/CMSIS/CM3/CoreSupport/core_cm3.c ****  *
 588:../Libraries/CMSIS/CM3/CoreSupport/core_cm3.c ****  * Return the content of the control register
 589:../Libraries/CMSIS/CM3/CoreSupport/core_cm3.c ****  */
 590:../Libraries/CMSIS/CM3/CoreSupport/core_cm3.c **** uint32_t __get_CONTROL(void)
 591:../Libraries/CMSIS/CM3/CoreSupport/core_cm3.c **** {
 372              		.loc 1 591 0
 373              		.cfi_startproc
 374              		@ args = 0, pretend = 0, frame = 8
 375              		@ frame_needed = 1, uses_anonymous_args = 0
 376              		@ link register save eliminated.
 377 00d8 90B4     		push	{r4, r7}
 378              	.LCFI18:
 379              		.cfi_def_cfa_offset 8
 380              		.cfi_offset 7, -4
 381              		.cfi_offset 4, -8
 382 00da 82B0     		sub	sp, sp, #8
 383              	.LCFI19:
 384              		.cfi_def_cfa_offset 16
 385 00dc 00AF     		add	r7, sp, #0
 386              	.LCFI20:
 387              		.cfi_def_cfa_register 7
 592:../Libraries/CMSIS/CM3/CoreSupport/core_cm3.c ****   uint32_t result=0;
 388              		.loc 1 592 0
 389 00de 4FF00003 		mov	r3, #0
 390 00e2 7B60     		str	r3, [r7, #4]
 593:../Libraries/CMSIS/CM3/CoreSupport/core_cm3.c **** 
 594:../Libraries/CMSIS/CM3/CoreSupport/core_cm3.c ****   __ASM volatile ("MRS %0, control" : "=r" (result) );
 391              		.loc 1 594 0
 392              	@ 594 "../Libraries/CMSIS/CM3/CoreSupport/core_cm3.c" 1
 393 00e4 EFF31484 		MRS r4, control
 394              	@ 0 "" 2
 395              		.thumb
 396 00e8 7C60     		str	r4, [r7, #4]
 595:../Libraries/CMSIS/CM3/CoreSupport/core_cm3.c ****   return(result);
 397              		.loc 1 595 0
 398 00ea 7B68     		ldr	r3, [r7, #4]
 596:../Libraries/CMSIS/CM3/CoreSupport/core_cm3.c **** }
 399              		.loc 1 596 0
 400 00ec 1846     		mov	r0, r3
 401 00ee 07F10807 		add	r7, r7, #8
 402 00f2 BD46     		mov	sp, r7
 403 00f4 90BC     		pop	{r4, r7}
 404 00f6 7047     		bx	lr
 405              		.cfi_endproc
 406              	.LFE10:
 408              		.align	2
 409              		.global	__set_CONTROL
 410              		.thumb
 411              		.thumb_func
 413              	__set_CONTROL:
 414              	.LFB11:
 597:../Libraries/CMSIS/CM3/CoreSupport/core_cm3.c **** 
 598:../Libraries/CMSIS/CM3/CoreSupport/core_cm3.c **** /**
 599:../Libraries/CMSIS/CM3/CoreSupport/core_cm3.c ****  * @brief  Set the Control Register value
 600:../Libraries/CMSIS/CM3/CoreSupport/core_cm3.c ****  *
 601:../Libraries/CMSIS/CM3/CoreSupport/core_cm3.c ****  * @param  control  Control value
 602:../Libraries/CMSIS/CM3/CoreSupport/core_cm3.c ****  *
 603:../Libraries/CMSIS/CM3/CoreSupport/core_cm3.c ****  * Set the control register
 604:../Libraries/CMSIS/CM3/CoreSupport/core_cm3.c ****  */
 605:../Libraries/CMSIS/CM3/CoreSupport/core_cm3.c **** void __set_CONTROL(uint32_t control)
 606:../Libraries/CMSIS/CM3/CoreSupport/core_cm3.c **** {
 415              		.loc 1 606 0
 416              		.cfi_startproc
 417              		@ args = 0, pretend = 0, frame = 8
 418              		@ frame_needed = 1, uses_anonymous_args = 0
 419              		@ link register save eliminated.
 420 00f8 80B4     		push	{r7}
 421              	.LCFI21:
 422              		.cfi_def_cfa_offset 4
 423              		.cfi_offset 7, -4
 424 00fa 83B0     		sub	sp, sp, #12
 425              	.LCFI22:
 426              		.cfi_def_cfa_offset 16
 427 00fc 00AF     		add	r7, sp, #0
 428              	.LCFI23:
 429              		.cfi_def_cfa_register 7
 430 00fe 7860     		str	r0, [r7, #4]
 607:../Libraries/CMSIS/CM3/CoreSupport/core_cm3.c ****   __ASM volatile ("MSR control, %0" : : "r" (control) );
 431              		.loc 1 607 0
 432 0100 7B68     		ldr	r3, [r7, #4]
 433              	@ 607 "../Libraries/CMSIS/CM3/CoreSupport/core_cm3.c" 1
 434 0102 83F31488 		MSR control, r3
 435              	@ 0 "" 2
 608:../Libraries/CMSIS/CM3/CoreSupport/core_cm3.c **** }
 436              		.loc 1 608 0
 437              		.thumb
 438 0106 07F10C07 		add	r7, r7, #12
 439 010a BD46     		mov	sp, r7
 440 010c 80BC     		pop	{r7}
 441 010e 7047     		bx	lr
 442              		.cfi_endproc
 443              	.LFE11:
 445              		.align	2
 446              		.global	__REV
 447              		.thumb
 448              		.thumb_func
 450              	__REV:
 451              	.LFB12:
 609:../Libraries/CMSIS/CM3/CoreSupport/core_cm3.c **** 
 610:../Libraries/CMSIS/CM3/CoreSupport/core_cm3.c **** 
 611:../Libraries/CMSIS/CM3/CoreSupport/core_cm3.c **** /**
 612:../Libraries/CMSIS/CM3/CoreSupport/core_cm3.c ****  * @brief  Reverse byte order in integer value
 613:../Libraries/CMSIS/CM3/CoreSupport/core_cm3.c ****  *
 614:../Libraries/CMSIS/CM3/CoreSupport/core_cm3.c ****  * @param  value  value to reverse
 615:../Libraries/CMSIS/CM3/CoreSupport/core_cm3.c ****  * @return        reversed value
 616:../Libraries/CMSIS/CM3/CoreSupport/core_cm3.c ****  *
 617:../Libraries/CMSIS/CM3/CoreSupport/core_cm3.c ****  * Reverse byte order in integer value
 618:../Libraries/CMSIS/CM3/CoreSupport/core_cm3.c ****  */
 619:../Libraries/CMSIS/CM3/CoreSupport/core_cm3.c **** uint32_t __REV(uint32_t value)
 620:../Libraries/CMSIS/CM3/CoreSupport/core_cm3.c **** {
 452              		.loc 1 620 0
 453              		.cfi_startproc
 454              		@ args = 0, pretend = 0, frame = 16
 455              		@ frame_needed = 1, uses_anonymous_args = 0
 456              		@ link register save eliminated.
 457 0110 90B4     		push	{r4, r7}
 458              	.LCFI24:
 459              		.cfi_def_cfa_offset 8
 460              		.cfi_offset 7, -4
 461              		.cfi_offset 4, -8
 462 0112 84B0     		sub	sp, sp, #16
 463              	.LCFI25:
 464              		.cfi_def_cfa_offset 24
 465 0114 00AF     		add	r7, sp, #0
 466              	.LCFI26:
 467              		.cfi_def_cfa_register 7
 468 0116 7860     		str	r0, [r7, #4]
 621:../Libraries/CMSIS/CM3/CoreSupport/core_cm3.c ****   uint32_t result=0;
 469              		.loc 1 621 0
 470 0118 4FF00003 		mov	r3, #0
 471 011c FB60     		str	r3, [r7, #12]
 622:../Libraries/CMSIS/CM3/CoreSupport/core_cm3.c ****   
 623:../Libraries/CMSIS/CM3/CoreSupport/core_cm3.c ****   __ASM volatile ("rev %0, %1" : "=r" (result) : "r" (value) );
 472              		.loc 1 623 0
 473 011e 7B68     		ldr	r3, [r7, #4]
 474              	@ 623 "../Libraries/CMSIS/CM3/CoreSupport/core_cm3.c" 1
 475 0120 1CBA     		rev r4, r3
 476              	@ 0 "" 2
 477              		.thumb
 478 0122 FC60     		str	r4, [r7, #12]
 624:../Libraries/CMSIS/CM3/CoreSupport/core_cm3.c ****   return(result);
 479              		.loc 1 624 0
 480 0124 FB68     		ldr	r3, [r7, #12]
 625:../Libraries/CMSIS/CM3/CoreSupport/core_cm3.c **** }
 481              		.loc 1 625 0
 482 0126 1846     		mov	r0, r3
 483 0128 07F11007 		add	r7, r7, #16
 484 012c BD46     		mov	sp, r7
 485 012e 90BC     		pop	{r4, r7}
 486 0130 7047     		bx	lr
 487              		.cfi_endproc
 488              	.LFE12:
 490 0132 00BF     		.align	2
 491              		.global	__REV16
 492              		.thumb
 493              		.thumb_func
 495              	__REV16:
 496              	.LFB13:
 626:../Libraries/CMSIS/CM3/CoreSupport/core_cm3.c **** 
 627:../Libraries/CMSIS/CM3/CoreSupport/core_cm3.c **** /**
 628:../Libraries/CMSIS/CM3/CoreSupport/core_cm3.c ****  * @brief  Reverse byte order in unsigned short value
 629:../Libraries/CMSIS/CM3/CoreSupport/core_cm3.c ****  *
 630:../Libraries/CMSIS/CM3/CoreSupport/core_cm3.c ****  * @param  value  value to reverse
 631:../Libraries/CMSIS/CM3/CoreSupport/core_cm3.c ****  * @return        reversed value
 632:../Libraries/CMSIS/CM3/CoreSupport/core_cm3.c ****  *
 633:../Libraries/CMSIS/CM3/CoreSupport/core_cm3.c ****  * Reverse byte order in unsigned short value
 634:../Libraries/CMSIS/CM3/CoreSupport/core_cm3.c ****  */
 635:../Libraries/CMSIS/CM3/CoreSupport/core_cm3.c **** uint32_t __REV16(uint16_t value)
 636:../Libraries/CMSIS/CM3/CoreSupport/core_cm3.c **** {
 497              		.loc 1 636 0
 498              		.cfi_startproc
 499              		@ args = 0, pretend = 0, frame = 16
 500              		@ frame_needed = 1, uses_anonymous_args = 0
 501              		@ link register save eliminated.
 502 0134 90B4     		push	{r4, r7}
 503              	.LCFI27:
 504              		.cfi_def_cfa_offset 8
 505              		.cfi_offset 7, -4
 506              		.cfi_offset 4, -8
 507 0136 84B0     		sub	sp, sp, #16
 508              	.LCFI28:
 509              		.cfi_def_cfa_offset 24
 510 0138 00AF     		add	r7, sp, #0
 511              	.LCFI29:
 512              		.cfi_def_cfa_register 7
 513 013a 0346     		mov	r3, r0
 514 013c FB80     		strh	r3, [r7, #6]	@ movhi
 637:../Libraries/CMSIS/CM3/CoreSupport/core_cm3.c ****   uint32_t result=0;
 515              		.loc 1 637 0
 516 013e 4FF00003 		mov	r3, #0
 517 0142 FB60     		str	r3, [r7, #12]
 638:../Libraries/CMSIS/CM3/CoreSupport/core_cm3.c ****   
 639:../Libraries/CMSIS/CM3/CoreSupport/core_cm3.c ****   __ASM volatile ("rev16 %0, %1" : "=r" (result) : "r" (value) );
 518              		.loc 1 639 0
 519 0144 FB88     		ldrh	r3, [r7, #6]	@ movhi
 520              	@ 639 "../Libraries/CMSIS/CM3/CoreSupport/core_cm3.c" 1
 521 0146 5CBA     		rev16 r4, r3
 522              	@ 0 "" 2
 523              		.thumb
 524 0148 FC60     		str	r4, [r7, #12]
 640:../Libraries/CMSIS/CM3/CoreSupport/core_cm3.c ****   return(result);
 525              		.loc 1 640 0
 526 014a FB68     		ldr	r3, [r7, #12]
 641:../Libraries/CMSIS/CM3/CoreSupport/core_cm3.c **** }
 527              		.loc 1 641 0
 528 014c 1846     		mov	r0, r3
 529 014e 07F11007 		add	r7, r7, #16
 530 0152 BD46     		mov	sp, r7
 531 0154 90BC     		pop	{r4, r7}
 532 0156 7047     		bx	lr
 533              		.cfi_endproc
 534              	.LFE13:
 536              		.align	2
 537              		.global	__REVSH
 538              		.thumb
 539              		.thumb_func
 541              	__REVSH:
 542              	.LFB14:
 642:../Libraries/CMSIS/CM3/CoreSupport/core_cm3.c **** 
 643:../Libraries/CMSIS/CM3/CoreSupport/core_cm3.c **** /**
 644:../Libraries/CMSIS/CM3/CoreSupport/core_cm3.c ****  * @brief  Reverse byte order in signed short value with sign extension to integer
 645:../Libraries/CMSIS/CM3/CoreSupport/core_cm3.c ****  *
 646:../Libraries/CMSIS/CM3/CoreSupport/core_cm3.c ****  * @param  value  value to reverse
 647:../Libraries/CMSIS/CM3/CoreSupport/core_cm3.c ****  * @return        reversed value
 648:../Libraries/CMSIS/CM3/CoreSupport/core_cm3.c ****  *
 649:../Libraries/CMSIS/CM3/CoreSupport/core_cm3.c ****  * Reverse byte order in signed short value with sign extension to integer
 650:../Libraries/CMSIS/CM3/CoreSupport/core_cm3.c ****  */
 651:../Libraries/CMSIS/CM3/CoreSupport/core_cm3.c **** int32_t __REVSH(int16_t value)
 652:../Libraries/CMSIS/CM3/CoreSupport/core_cm3.c **** {
 543              		.loc 1 652 0
 544              		.cfi_startproc
 545              		@ args = 0, pretend = 0, frame = 16
 546              		@ frame_needed = 1, uses_anonymous_args = 0
 547              		@ link register save eliminated.
 548 0158 90B4     		push	{r4, r7}
 549              	.LCFI30:
 550              		.cfi_def_cfa_offset 8
 551              		.cfi_offset 7, -4
 552              		.cfi_offset 4, -8
 553 015a 84B0     		sub	sp, sp, #16
 554              	.LCFI31:
 555              		.cfi_def_cfa_offset 24
 556 015c 00AF     		add	r7, sp, #0
 557              	.LCFI32:
 558              		.cfi_def_cfa_register 7
 559 015e 0346     		mov	r3, r0
 560 0160 FB80     		strh	r3, [r7, #6]	@ movhi
 653:../Libraries/CMSIS/CM3/CoreSupport/core_cm3.c ****   uint32_t result=0;
 561              		.loc 1 653 0
 562 0162 4FF00003 		mov	r3, #0
 563 0166 FB60     		str	r3, [r7, #12]
 654:../Libraries/CMSIS/CM3/CoreSupport/core_cm3.c ****   
 655:../Libraries/CMSIS/CM3/CoreSupport/core_cm3.c ****   __ASM volatile ("revsh %0, %1" : "=r" (result) : "r" (value) );
 564              		.loc 1 655 0
 565 0168 FB88     		ldrh	r3, [r7, #6]	@ movhi
 566              	@ 655 "../Libraries/CMSIS/CM3/CoreSupport/core_cm3.c" 1
 567 016a DCBA     		revsh r4, r3
 568              	@ 0 "" 2
 569              		.thumb
 570 016c FC60     		str	r4, [r7, #12]
 656:../Libraries/CMSIS/CM3/CoreSupport/core_cm3.c ****   return(result);
 571              		.loc 1 656 0
 572 016e FB68     		ldr	r3, [r7, #12]
 657:../Libraries/CMSIS/CM3/CoreSupport/core_cm3.c **** }
 573              		.loc 1 657 0
 574 0170 1846     		mov	r0, r3
 575 0172 07F11007 		add	r7, r7, #16
 576 0176 BD46     		mov	sp, r7
 577 0178 90BC     		pop	{r4, r7}
 578 017a 7047     		bx	lr
 579              		.cfi_endproc
 580              	.LFE14:
 582              		.align	2
 583              		.global	__RBIT
 584              		.thumb
 585              		.thumb_func
 587              	__RBIT:
 588              	.LFB15:
 658:../Libraries/CMSIS/CM3/CoreSupport/core_cm3.c **** 
 659:../Libraries/CMSIS/CM3/CoreSupport/core_cm3.c **** /**
 660:../Libraries/CMSIS/CM3/CoreSupport/core_cm3.c ****  * @brief  Reverse bit order of value
 661:../Libraries/CMSIS/CM3/CoreSupport/core_cm3.c ****  *
 662:../Libraries/CMSIS/CM3/CoreSupport/core_cm3.c ****  * @param  value  value to reverse
 663:../Libraries/CMSIS/CM3/CoreSupport/core_cm3.c ****  * @return        reversed value
 664:../Libraries/CMSIS/CM3/CoreSupport/core_cm3.c ****  *
 665:../Libraries/CMSIS/CM3/CoreSupport/core_cm3.c ****  * Reverse bit order of value
 666:../Libraries/CMSIS/CM3/CoreSupport/core_cm3.c ****  */
 667:../Libraries/CMSIS/CM3/CoreSupport/core_cm3.c **** uint32_t __RBIT(uint32_t value)
 668:../Libraries/CMSIS/CM3/CoreSupport/core_cm3.c **** {
 589              		.loc 1 668 0
 590              		.cfi_startproc
 591              		@ args = 0, pretend = 0, frame = 16
 592              		@ frame_needed = 1, uses_anonymous_args = 0
 593              		@ link register save eliminated.
 594 017c 90B4     		push	{r4, r7}
 595              	.LCFI33:
 596              		.cfi_def_cfa_offset 8
 597              		.cfi_offset 7, -4
 598              		.cfi_offset 4, -8
 599 017e 84B0     		sub	sp, sp, #16
 600              	.LCFI34:
 601              		.cfi_def_cfa_offset 24
 602 0180 00AF     		add	r7, sp, #0
 603              	.LCFI35:
 604              		.cfi_def_cfa_register 7
 605 0182 7860     		str	r0, [r7, #4]
 669:../Libraries/CMSIS/CM3/CoreSupport/core_cm3.c ****   uint32_t result=0;
 606              		.loc 1 669 0
 607 0184 4FF00003 		mov	r3, #0
 608 0188 FB60     		str	r3, [r7, #12]
 670:../Libraries/CMSIS/CM3/CoreSupport/core_cm3.c ****   
 671:../Libraries/CMSIS/CM3/CoreSupport/core_cm3.c ****    __ASM volatile ("rbit %0, %1" : "=r" (result) : "r" (value) );
 609              		.loc 1 671 0
 610 018a 7B68     		ldr	r3, [r7, #4]
 611              	@ 671 "../Libraries/CMSIS/CM3/CoreSupport/core_cm3.c" 1
 612 018c 93FAA3F4 		rbit r4, r3
 613              	@ 0 "" 2
 614              		.thumb
 615 0190 FC60     		str	r4, [r7, #12]
 672:../Libraries/CMSIS/CM3/CoreSupport/core_cm3.c ****    return(result);
 616              		.loc 1 672 0
 617 0192 FB68     		ldr	r3, [r7, #12]
 673:../Libraries/CMSIS/CM3/CoreSupport/core_cm3.c **** }
 618              		.loc 1 673 0
 619 0194 1846     		mov	r0, r3
 620 0196 07F11007 		add	r7, r7, #16
 621 019a BD46     		mov	sp, r7
 622 019c 90BC     		pop	{r4, r7}
 623 019e 7047     		bx	lr
 624              		.cfi_endproc
 625              	.LFE15:
 627              		.align	2
 628              		.global	__LDREXB
 629              		.thumb
 630              		.thumb_func
 632              	__LDREXB:
 633              	.LFB16:
 674:../Libraries/CMSIS/CM3/CoreSupport/core_cm3.c **** 
 675:../Libraries/CMSIS/CM3/CoreSupport/core_cm3.c **** /**
 676:../Libraries/CMSIS/CM3/CoreSupport/core_cm3.c ****  * @brief  LDR Exclusive (8 bit)
 677:../Libraries/CMSIS/CM3/CoreSupport/core_cm3.c ****  *
 678:../Libraries/CMSIS/CM3/CoreSupport/core_cm3.c ****  * @param  *addr  address pointer
 679:../Libraries/CMSIS/CM3/CoreSupport/core_cm3.c ****  * @return        value of (*address)
 680:../Libraries/CMSIS/CM3/CoreSupport/core_cm3.c ****  *
 681:../Libraries/CMSIS/CM3/CoreSupport/core_cm3.c ****  * Exclusive LDR command for 8 bit value
 682:../Libraries/CMSIS/CM3/CoreSupport/core_cm3.c ****  */
 683:../Libraries/CMSIS/CM3/CoreSupport/core_cm3.c **** uint8_t __LDREXB(uint8_t *addr)
 684:../Libraries/CMSIS/CM3/CoreSupport/core_cm3.c **** {
 634              		.loc 1 684 0
 635              		.cfi_startproc
 636              		@ args = 0, pretend = 0, frame = 16
 637              		@ frame_needed = 1, uses_anonymous_args = 0
 638              		@ link register save eliminated.
 639 01a0 90B4     		push	{r4, r7}
 640              	.LCFI36:
 641              		.cfi_def_cfa_offset 8
 642              		.cfi_offset 7, -4
 643              		.cfi_offset 4, -8
 644 01a2 84B0     		sub	sp, sp, #16
 645              	.LCFI37:
 646              		.cfi_def_cfa_offset 24
 647 01a4 00AF     		add	r7, sp, #0
 648              	.LCFI38:
 649              		.cfi_def_cfa_register 7
 650 01a6 7860     		str	r0, [r7, #4]
 685:../Libraries/CMSIS/CM3/CoreSupport/core_cm3.c ****     uint8_t result=0;
 651              		.loc 1 685 0
 652 01a8 4FF00003 		mov	r3, #0
 653 01ac FB73     		strb	r3, [r7, #15]
 686:../Libraries/CMSIS/CM3/CoreSupport/core_cm3.c ****   
 687:../Libraries/CMSIS/CM3/CoreSupport/core_cm3.c ****    __ASM volatile ("ldrexb %0, [%1]" : "=r" (result) : "r" (addr) );
 654              		.loc 1 687 0
 655 01ae 7B68     		ldr	r3, [r7, #4]
 656              	@ 687 "../Libraries/CMSIS/CM3/CoreSupport/core_cm3.c" 1
 657 01b0 D3E84F4F 		ldrexb r4, [r3]
 658              	@ 0 "" 2
 659              		.thumb
 660 01b4 FC73     		strb	r4, [r7, #15]
 688:../Libraries/CMSIS/CM3/CoreSupport/core_cm3.c ****    return(result);
 661              		.loc 1 688 0
 662 01b6 FB7B     		ldrb	r3, [r7, #15]	@ zero_extendqisi2
 689:../Libraries/CMSIS/CM3/CoreSupport/core_cm3.c **** }
 663              		.loc 1 689 0
 664 01b8 1846     		mov	r0, r3
 665 01ba 07F11007 		add	r7, r7, #16
 666 01be BD46     		mov	sp, r7
 667 01c0 90BC     		pop	{r4, r7}
 668 01c2 7047     		bx	lr
 669              		.cfi_endproc
 670              	.LFE16:
 672              		.align	2
 673              		.global	__LDREXH
 674              		.thumb
 675              		.thumb_func
 677              	__LDREXH:
 678              	.LFB17:
 690:../Libraries/CMSIS/CM3/CoreSupport/core_cm3.c **** 
 691:../Libraries/CMSIS/CM3/CoreSupport/core_cm3.c **** /**
 692:../Libraries/CMSIS/CM3/CoreSupport/core_cm3.c ****  * @brief  LDR Exclusive (16 bit)
 693:../Libraries/CMSIS/CM3/CoreSupport/core_cm3.c ****  *
 694:../Libraries/CMSIS/CM3/CoreSupport/core_cm3.c ****  * @param  *addr  address pointer
 695:../Libraries/CMSIS/CM3/CoreSupport/core_cm3.c ****  * @return        value of (*address)
 696:../Libraries/CMSIS/CM3/CoreSupport/core_cm3.c ****  *
 697:../Libraries/CMSIS/CM3/CoreSupport/core_cm3.c ****  * Exclusive LDR command for 16 bit values
 698:../Libraries/CMSIS/CM3/CoreSupport/core_cm3.c ****  */
 699:../Libraries/CMSIS/CM3/CoreSupport/core_cm3.c **** uint16_t __LDREXH(uint16_t *addr)
 700:../Libraries/CMSIS/CM3/CoreSupport/core_cm3.c **** {
 679              		.loc 1 700 0
 680              		.cfi_startproc
 681              		@ args = 0, pretend = 0, frame = 16
 682              		@ frame_needed = 1, uses_anonymous_args = 0
 683              		@ link register save eliminated.
 684 01c4 90B4     		push	{r4, r7}
 685              	.LCFI39:
 686              		.cfi_def_cfa_offset 8
 687              		.cfi_offset 7, -4
 688              		.cfi_offset 4, -8
 689 01c6 84B0     		sub	sp, sp, #16
 690              	.LCFI40:
 691              		.cfi_def_cfa_offset 24
 692 01c8 00AF     		add	r7, sp, #0
 693              	.LCFI41:
 694              		.cfi_def_cfa_register 7
 695 01ca 7860     		str	r0, [r7, #4]
 701:../Libraries/CMSIS/CM3/CoreSupport/core_cm3.c ****     uint16_t result=0;
 696              		.loc 1 701 0
 697 01cc 4FF00003 		mov	r3, #0
 698 01d0 FB81     		strh	r3, [r7, #14]	@ movhi
 702:../Libraries/CMSIS/CM3/CoreSupport/core_cm3.c ****   
 703:../Libraries/CMSIS/CM3/CoreSupport/core_cm3.c ****    __ASM volatile ("ldrexh %0, [%1]" : "=r" (result) : "r" (addr) );
 699              		.loc 1 703 0
 700 01d2 7B68     		ldr	r3, [r7, #4]
 701              	@ 703 "../Libraries/CMSIS/CM3/CoreSupport/core_cm3.c" 1
 702 01d4 D3E85F4F 		ldrexh r4, [r3]
 703              	@ 0 "" 2
 704              		.thumb
 705 01d8 FC81     		strh	r4, [r7, #14]	@ movhi
 704:../Libraries/CMSIS/CM3/CoreSupport/core_cm3.c ****    return(result);
 706              		.loc 1 704 0
 707 01da FB89     		ldrh	r3, [r7, #14]
 705:../Libraries/CMSIS/CM3/CoreSupport/core_cm3.c **** }
 708              		.loc 1 705 0
 709 01dc 1846     		mov	r0, r3
 710 01de 07F11007 		add	r7, r7, #16
 711 01e2 BD46     		mov	sp, r7
 712 01e4 90BC     		pop	{r4, r7}
 713 01e6 7047     		bx	lr
 714              		.cfi_endproc
 715              	.LFE17:
 717              		.align	2
 718              		.global	__LDREXW
 719              		.thumb
 720              		.thumb_func
 722              	__LDREXW:
 723              	.LFB18:
 706:../Libraries/CMSIS/CM3/CoreSupport/core_cm3.c **** 
 707:../Libraries/CMSIS/CM3/CoreSupport/core_cm3.c **** /**
 708:../Libraries/CMSIS/CM3/CoreSupport/core_cm3.c ****  * @brief  LDR Exclusive (32 bit)
 709:../Libraries/CMSIS/CM3/CoreSupport/core_cm3.c ****  *
 710:../Libraries/CMSIS/CM3/CoreSupport/core_cm3.c ****  * @param  *addr  address pointer
 711:../Libraries/CMSIS/CM3/CoreSupport/core_cm3.c ****  * @return        value of (*address)
 712:../Libraries/CMSIS/CM3/CoreSupport/core_cm3.c ****  *
 713:../Libraries/CMSIS/CM3/CoreSupport/core_cm3.c ****  * Exclusive LDR command for 32 bit values
 714:../Libraries/CMSIS/CM3/CoreSupport/core_cm3.c ****  */
 715:../Libraries/CMSIS/CM3/CoreSupport/core_cm3.c **** uint32_t __LDREXW(uint32_t *addr)
 716:../Libraries/CMSIS/CM3/CoreSupport/core_cm3.c **** {
 724              		.loc 1 716 0
 725              		.cfi_startproc
 726              		@ args = 0, pretend = 0, frame = 16
 727              		@ frame_needed = 1, uses_anonymous_args = 0
 728              		@ link register save eliminated.
 729 01e8 90B4     		push	{r4, r7}
 730              	.LCFI42:
 731              		.cfi_def_cfa_offset 8
 732              		.cfi_offset 7, -4
 733              		.cfi_offset 4, -8
 734 01ea 84B0     		sub	sp, sp, #16
 735              	.LCFI43:
 736              		.cfi_def_cfa_offset 24
 737 01ec 00AF     		add	r7, sp, #0
 738              	.LCFI44:
 739              		.cfi_def_cfa_register 7
 740 01ee 7860     		str	r0, [r7, #4]
 717:../Libraries/CMSIS/CM3/CoreSupport/core_cm3.c ****     uint32_t result=0;
 741              		.loc 1 717 0
 742 01f0 4FF00003 		mov	r3, #0
 743 01f4 FB60     		str	r3, [r7, #12]
 718:../Libraries/CMSIS/CM3/CoreSupport/core_cm3.c ****   
 719:../Libraries/CMSIS/CM3/CoreSupport/core_cm3.c ****    __ASM volatile ("ldrex %0, [%1]" : "=r" (result) : "r" (addr) );
 744              		.loc 1 719 0
 745 01f6 7B68     		ldr	r3, [r7, #4]
 746              	@ 719 "../Libraries/CMSIS/CM3/CoreSupport/core_cm3.c" 1
 747 01f8 53E8004F 		ldrex r4, [r3]
 748              	@ 0 "" 2
 749              		.thumb
 750 01fc FC60     		str	r4, [r7, #12]
 720:../Libraries/CMSIS/CM3/CoreSupport/core_cm3.c ****    return(result);
 751              		.loc 1 720 0
 752 01fe FB68     		ldr	r3, [r7, #12]
 721:../Libraries/CMSIS/CM3/CoreSupport/core_cm3.c **** }
 753              		.loc 1 721 0
 754 0200 1846     		mov	r0, r3
 755 0202 07F11007 		add	r7, r7, #16
 756 0206 BD46     		mov	sp, r7
 757 0208 90BC     		pop	{r4, r7}
 758 020a 7047     		bx	lr
 759              		.cfi_endproc
 760              	.LFE18:
 762              		.align	2
 763              		.global	__STREXB
 764              		.thumb
 765              		.thumb_func
 767              	__STREXB:
 768              	.LFB19:
 722:../Libraries/CMSIS/CM3/CoreSupport/core_cm3.c **** 
 723:../Libraries/CMSIS/CM3/CoreSupport/core_cm3.c **** /**
 724:../Libraries/CMSIS/CM3/CoreSupport/core_cm3.c ****  * @brief  STR Exclusive (8 bit)
 725:../Libraries/CMSIS/CM3/CoreSupport/core_cm3.c ****  *
 726:../Libraries/CMSIS/CM3/CoreSupport/core_cm3.c ****  * @param  value  value to store
 727:../Libraries/CMSIS/CM3/CoreSupport/core_cm3.c ****  * @param  *addr  address pointer
 728:../Libraries/CMSIS/CM3/CoreSupport/core_cm3.c ****  * @return        successful / failed
 729:../Libraries/CMSIS/CM3/CoreSupport/core_cm3.c ****  *
 730:../Libraries/CMSIS/CM3/CoreSupport/core_cm3.c ****  * Exclusive STR command for 8 bit values
 731:../Libraries/CMSIS/CM3/CoreSupport/core_cm3.c ****  */
 732:../Libraries/CMSIS/CM3/CoreSupport/core_cm3.c **** uint32_t __STREXB(uint8_t value, uint8_t *addr)
 733:../Libraries/CMSIS/CM3/CoreSupport/core_cm3.c **** {
 769              		.loc 1 733 0
 770              		.cfi_startproc
 771              		@ args = 0, pretend = 0, frame = 16
 772              		@ frame_needed = 1, uses_anonymous_args = 0
 773              		@ link register save eliminated.
 774 020c 90B4     		push	{r4, r7}
 775              	.LCFI45:
 776              		.cfi_def_cfa_offset 8
 777              		.cfi_offset 7, -4
 778              		.cfi_offset 4, -8
 779 020e 84B0     		sub	sp, sp, #16
 780              	.LCFI46:
 781              		.cfi_def_cfa_offset 24
 782 0210 00AF     		add	r7, sp, #0
 783              	.LCFI47:
 784              		.cfi_def_cfa_register 7
 785 0212 0346     		mov	r3, r0
 786 0214 3960     		str	r1, [r7, #0]
 787 0216 FB71     		strb	r3, [r7, #7]
 734:../Libraries/CMSIS/CM3/CoreSupport/core_cm3.c ****    uint32_t result=0;
 788              		.loc 1 734 0
 789 0218 4FF00003 		mov	r3, #0
 790 021c FB60     		str	r3, [r7, #12]
 735:../Libraries/CMSIS/CM3/CoreSupport/core_cm3.c ****   
 736:../Libraries/CMSIS/CM3/CoreSupport/core_cm3.c ****    __ASM volatile ("strexb %0, %2, [%1]" : "=r" (result) : "r" (addr), "r" (value) );
 791              		.loc 1 736 0
 792 021e 3B68     		ldr	r3, [r7, #0]
 793 0220 FA79     		ldrb	r2, [r7, #7]
 794              	@ 736 "../Libraries/CMSIS/CM3/CoreSupport/core_cm3.c" 1
 795 0222 C3E8442F 		strexb r4, r2, [r3]
 796              	@ 0 "" 2
 797              		.thumb
 798 0226 FC60     		str	r4, [r7, #12]
 737:../Libraries/CMSIS/CM3/CoreSupport/core_cm3.c ****    return(result);
 799              		.loc 1 737 0
 800 0228 FB68     		ldr	r3, [r7, #12]
 738:../Libraries/CMSIS/CM3/CoreSupport/core_cm3.c **** }
 801              		.loc 1 738 0
 802 022a 1846     		mov	r0, r3
 803 022c 07F11007 		add	r7, r7, #16
 804 0230 BD46     		mov	sp, r7
 805 0232 90BC     		pop	{r4, r7}
 806 0234 7047     		bx	lr
 807              		.cfi_endproc
 808              	.LFE19:
 810 0236 00BF     		.align	2
 811              		.global	__STREXH
 812              		.thumb
 813              		.thumb_func
 815              	__STREXH:
 816              	.LFB20:
 739:../Libraries/CMSIS/CM3/CoreSupport/core_cm3.c **** 
 740:../Libraries/CMSIS/CM3/CoreSupport/core_cm3.c **** /**
 741:../Libraries/CMSIS/CM3/CoreSupport/core_cm3.c ****  * @brief  STR Exclusive (16 bit)
 742:../Libraries/CMSIS/CM3/CoreSupport/core_cm3.c ****  *
 743:../Libraries/CMSIS/CM3/CoreSupport/core_cm3.c ****  * @param  value  value to store
 744:../Libraries/CMSIS/CM3/CoreSupport/core_cm3.c ****  * @param  *addr  address pointer
 745:../Libraries/CMSIS/CM3/CoreSupport/core_cm3.c ****  * @return        successful / failed
 746:../Libraries/CMSIS/CM3/CoreSupport/core_cm3.c ****  *
 747:../Libraries/CMSIS/CM3/CoreSupport/core_cm3.c ****  * Exclusive STR command for 16 bit values
 748:../Libraries/CMSIS/CM3/CoreSupport/core_cm3.c ****  */
 749:../Libraries/CMSIS/CM3/CoreSupport/core_cm3.c **** uint32_t __STREXH(uint16_t value, uint16_t *addr)
 750:../Libraries/CMSIS/CM3/CoreSupport/core_cm3.c **** {
 817              		.loc 1 750 0
 818              		.cfi_startproc
 819              		@ args = 0, pretend = 0, frame = 16
 820              		@ frame_needed = 1, uses_anonymous_args = 0
 821              		@ link register save eliminated.
 822 0238 90B4     		push	{r4, r7}
 823              	.LCFI48:
 824              		.cfi_def_cfa_offset 8
 825              		.cfi_offset 7, -4
 826              		.cfi_offset 4, -8
 827 023a 84B0     		sub	sp, sp, #16
 828              	.LCFI49:
 829              		.cfi_def_cfa_offset 24
 830 023c 00AF     		add	r7, sp, #0
 831              	.LCFI50:
 832              		.cfi_def_cfa_register 7
 833 023e 0346     		mov	r3, r0
 834 0240 3960     		str	r1, [r7, #0]
 835 0242 FB80     		strh	r3, [r7, #6]	@ movhi
 751:../Libraries/CMSIS/CM3/CoreSupport/core_cm3.c ****    uint32_t result=0;
 836              		.loc 1 751 0
 837 0244 4FF00003 		mov	r3, #0
 838 0248 FB60     		str	r3, [r7, #12]
 752:../Libraries/CMSIS/CM3/CoreSupport/core_cm3.c ****   
 753:../Libraries/CMSIS/CM3/CoreSupport/core_cm3.c ****    __ASM volatile ("strexh %0, %2, [%1]" : "=r" (result) : "r" (addr), "r" (value) );
 839              		.loc 1 753 0
 840 024a 3B68     		ldr	r3, [r7, #0]
 841 024c FA88     		ldrh	r2, [r7, #6]	@ movhi
 842              	@ 753 "../Libraries/CMSIS/CM3/CoreSupport/core_cm3.c" 1
 843 024e C3E8542F 		strexh r4, r2, [r3]
 844              	@ 0 "" 2
 845              		.thumb
 846 0252 FC60     		str	r4, [r7, #12]
 754:../Libraries/CMSIS/CM3/CoreSupport/core_cm3.c ****    return(result);
 847              		.loc 1 754 0
 848 0254 FB68     		ldr	r3, [r7, #12]
 755:../Libraries/CMSIS/CM3/CoreSupport/core_cm3.c **** }
 849              		.loc 1 755 0
 850 0256 1846     		mov	r0, r3
 851 0258 07F11007 		add	r7, r7, #16
 852 025c BD46     		mov	sp, r7
 853 025e 90BC     		pop	{r4, r7}
 854 0260 7047     		bx	lr
 855              		.cfi_endproc
 856              	.LFE20:
 858 0262 00BF     		.align	2
 859              		.global	__STREXW
 860              		.thumb
 861              		.thumb_func
 863              	__STREXW:
 864              	.LFB21:
 756:../Libraries/CMSIS/CM3/CoreSupport/core_cm3.c **** 
 757:../Libraries/CMSIS/CM3/CoreSupport/core_cm3.c **** /**
 758:../Libraries/CMSIS/CM3/CoreSupport/core_cm3.c ****  * @brief  STR Exclusive (32 bit)
 759:../Libraries/CMSIS/CM3/CoreSupport/core_cm3.c ****  *
 760:../Libraries/CMSIS/CM3/CoreSupport/core_cm3.c ****  * @param  value  value to store
 761:../Libraries/CMSIS/CM3/CoreSupport/core_cm3.c ****  * @param  *addr  address pointer
 762:../Libraries/CMSIS/CM3/CoreSupport/core_cm3.c ****  * @return        successful / failed
 763:../Libraries/CMSIS/CM3/CoreSupport/core_cm3.c ****  *
 764:../Libraries/CMSIS/CM3/CoreSupport/core_cm3.c ****  * Exclusive STR command for 32 bit values
 765:../Libraries/CMSIS/CM3/CoreSupport/core_cm3.c ****  */
 766:../Libraries/CMSIS/CM3/CoreSupport/core_cm3.c **** uint32_t __STREXW(uint32_t value, uint32_t *addr)
 767:../Libraries/CMSIS/CM3/CoreSupport/core_cm3.c **** {
 865              		.loc 1 767 0
 866              		.cfi_startproc
 867              		@ args = 0, pretend = 0, frame = 16
 868              		@ frame_needed = 1, uses_anonymous_args = 0
 869              		@ link register save eliminated.
 870 0264 90B4     		push	{r4, r7}
 871              	.LCFI51:
 872              		.cfi_def_cfa_offset 8
 873              		.cfi_offset 7, -4
 874              		.cfi_offset 4, -8
 875 0266 84B0     		sub	sp, sp, #16
 876              	.LCFI52:
 877              		.cfi_def_cfa_offset 24
 878 0268 00AF     		add	r7, sp, #0
 879              	.LCFI53:
 880              		.cfi_def_cfa_register 7
 881 026a 7860     		str	r0, [r7, #4]
 882 026c 3960     		str	r1, [r7, #0]
 768:../Libraries/CMSIS/CM3/CoreSupport/core_cm3.c ****    uint32_t result=0;
 883              		.loc 1 768 0
 884 026e 4FF00003 		mov	r3, #0
 885 0272 FB60     		str	r3, [r7, #12]
 769:../Libraries/CMSIS/CM3/CoreSupport/core_cm3.c ****   
 770:../Libraries/CMSIS/CM3/CoreSupport/core_cm3.c ****    __ASM volatile ("strex %0, %2, [%1]" : "=r" (result) : "r" (addr), "r" (value) );
 886              		.loc 1 770 0
 887 0274 3B68     		ldr	r3, [r7, #0]
 888 0276 7A68     		ldr	r2, [r7, #4]
 889              	@ 770 "../Libraries/CMSIS/CM3/CoreSupport/core_cm3.c" 1
 890 0278 43E80024 		strex r4, r2, [r3]
 891              	@ 0 "" 2
 892              		.thumb
 893 027c FC60     		str	r4, [r7, #12]
 771:../Libraries/CMSIS/CM3/CoreSupport/core_cm3.c ****    return(result);
 894              		.loc 1 771 0
 895 027e FB68     		ldr	r3, [r7, #12]
 772:../Libraries/CMSIS/CM3/CoreSupport/core_cm3.c **** }
 896              		.loc 1 772 0
 897 0280 1846     		mov	r0, r3
 898 0282 07F11007 		add	r7, r7, #16
 899 0286 BD46     		mov	sp, r7
 900 0288 90BC     		pop	{r4, r7}
 901 028a 7047     		bx	lr
 902              		.cfi_endproc
 903              	.LFE21:
 905              	.Letext0:
 906              		.file 2 "c:\\program files (x86)\\codesourcery\\sourcery_codebench_lite_for_arm_eabi\\bin\\../lib/
DEFINED SYMBOLS
                            *ABS*:00000000 core_cm3.c
C:\Users\Peter\AppData\Local\Temp\cc7u8MjU.s:18     .text:00000000 $t
C:\Users\Peter\AppData\Local\Temp\cc7u8MjU.s:23     .text:00000000 __get_PSP
C:\Users\Peter\AppData\Local\Temp\cc7u8MjU.s:53     .text:00000010 __set_PSP
C:\Users\Peter\AppData\Local\Temp\cc7u8MjU.s:77     .text:00000018 __get_MSP
C:\Users\Peter\AppData\Local\Temp\cc7u8MjU.s:106    .text:00000028 __set_MSP
C:\Users\Peter\AppData\Local\Temp\cc7u8MjU.s:130    .text:00000030 __get_BASEPRI
C:\Users\Peter\AppData\Local\Temp\cc7u8MjU.s:173    .text:00000050 __set_BASEPRI
C:\Users\Peter\AppData\Local\Temp\cc7u8MjU.s:210    .text:00000068 __get_PRIMASK
C:\Users\Peter\AppData\Local\Temp\cc7u8MjU.s:253    .text:00000088 __set_PRIMASK
C:\Users\Peter\AppData\Local\Temp\cc7u8MjU.s:290    .text:000000a0 __get_FAULTMASK
C:\Users\Peter\AppData\Local\Temp\cc7u8MjU.s:333    .text:000000c0 __set_FAULTMASK
C:\Users\Peter\AppData\Local\Temp\cc7u8MjU.s:370    .text:000000d8 __get_CONTROL
C:\Users\Peter\AppData\Local\Temp\cc7u8MjU.s:413    .text:000000f8 __set_CONTROL
C:\Users\Peter\AppData\Local\Temp\cc7u8MjU.s:450    .text:00000110 __REV
C:\Users\Peter\AppData\Local\Temp\cc7u8MjU.s:495    .text:00000134 __REV16
C:\Users\Peter\AppData\Local\Temp\cc7u8MjU.s:541    .text:00000158 __REVSH
C:\Users\Peter\AppData\Local\Temp\cc7u8MjU.s:587    .text:0000017c __RBIT
C:\Users\Peter\AppData\Local\Temp\cc7u8MjU.s:632    .text:000001a0 __LDREXB
C:\Users\Peter\AppData\Local\Temp\cc7u8MjU.s:677    .text:000001c4 __LDREXH
C:\Users\Peter\AppData\Local\Temp\cc7u8MjU.s:722    .text:000001e8 __LDREXW
C:\Users\Peter\AppData\Local\Temp\cc7u8MjU.s:767    .text:0000020c __STREXB
C:\Users\Peter\AppData\Local\Temp\cc7u8MjU.s:815    .text:00000238 __STREXH
C:\Users\Peter\AppData\Local\Temp\cc7u8MjU.s:863    .text:00000264 __STREXW
                     .debug_frame:00000010 $d

NO UNDEFINED SYMBOLS
